{"/Users/federicolacabaratz/bootcamp/collab/skylab-bootcamp-202001/staff/federico-lacabaratz/share-my-spot/share-my-spot-api/logic/accept-booking.spec.js":{"path":"/Users/federicolacabaratz/bootcamp/collab/skylab-bootcamp-202001/staff/federico-lacabaratz/share-my-spot/share-my-spot-api/logic/accept-booking.spec.js","statementMap":{"0":{"start":{"line":1,"column":0},"end":{"line":1,"column":26}},"1":{"start":{"line":3,"column":38},"end":{"line":3,"column":45}},"2":{"start":{"line":4,"column":45},"end":{"line":4,"column":74}},"3":{"start":{"line":5,"column":19},"end":{"line":5,"column":34}},"4":{"start":{"line":6,"column":19},"end":{"line":6,"column":23}},"5":{"start":{"line":7,"column":22},"end":{"line":7,"column":49}},"6":{"start":{"line":9,"column":0},"end":{"line":139,"column":2}},"7":{"start":{"line":11,"column":4},"end":{"line":15,"column":5}},"8":{"start":{"line":12,"column":8},"end":{"line":14,"column":28}},"9":{"start":{"line":13,"column":24},"end":{"line":13,"column":75}},"10":{"start":{"line":19,"column":4},"end":{"line":54,"column":6}},"11":{"start":{"line":20,"column":8},"end":{"line":20,"column":33}},"12":{"start":{"line":21,"column":8},"end":{"line":21,"column":39}},"13":{"start":{"line":22,"column":8},"end":{"line":22,"column":44}},"14":{"start":{"line":23,"column":8},"end":{"line":23,"column":38}},"15":{"start":{"line":24,"column":8},"end":{"line":24,"column":41}},"16":{"start":{"line":26,"column":8},"end":{"line":26,"column":34}},"17":{"start":{"line":27,"column":8},"end":{"line":27,"column":40}},"18":{"start":{"line":28,"column":8},"end":{"line":28,"column":45}},"19":{"start":{"line":29,"column":8},"end":{"line":29,"column":39}},"20":{"start":{"line":30,"column":8},"end":{"line":30,"column":42}},"21":{"start":{"line":32,"column":8},"end":{"line":32,"column":35}},"22":{"start":{"line":33,"column":8},"end":{"line":33,"column":37}},"23":{"start":{"line":34,"column":8},"end":{"line":34,"column":55}},"24":{"start":{"line":35,"column":8},"end":{"line":35,"column":49}},"25":{"start":{"line":36,"column":8},"end":{"line":36,"column":20}},"26":{"start":{"line":37,"column":8},"end":{"line":37,"column":20}},"27":{"start":{"line":38,"column":8},"end":{"line":38,"column":20}},"28":{"start":{"line":39,"column":8},"end":{"line":39,"column":17}},"29":{"start":{"line":40,"column":8},"end":{"line":40,"column":47}},"30":{"start":{"line":41,"column":8},"end":{"line":41,"column":17}},"31":{"start":{"line":42,"column":8},"end":{"line":42,"column":29}},"32":{"start":{"line":43,"column":8},"end":{"line":43,"column":27}},"33":{"start":{"line":44,"column":8},"end":{"line":44,"column":25}},"34":{"start":{"line":45,"column":8},"end":{"line":45,"column":27}},"35":{"start":{"line":46,"column":8},"end":{"line":46,"column":26}},"36":{"start":{"line":47,"column":8},"end":{"line":47,"column":19}},"37":{"start":{"line":48,"column":8},"end":{"line":48,"column":19}},"38":{"start":{"line":49,"column":8},"end":{"line":49,"column":19}},"39":{"start":{"line":50,"column":8},"end":{"line":50,"column":19}},"40":{"start":{"line":51,"column":8},"end":{"line":51,"column":19}},"41":{"start":{"line":52,"column":8},"end":{"line":52,"column":19}},"42":{"start":{"line":53,"column":8},"end":{"line":53,"column":19}},"43":{"start":{"line":55,"column":4},"end":{"line":136,"column":6}},"44":{"start":{"line":57,"column":8},"end":{"line":70,"column":9}},"45":{"start":{"line":58,"column":12},"end":{"line":69,"column":32}},"46":{"start":{"line":60,"column":20},"end":{"line":60,"column":44}},"47":{"start":{"line":61,"column":20},"end":{"line":61,"column":46}},"48":{"start":{"line":63,"column":28},"end":{"line":63,"column":479}},"49":{"start":{"line":64,"column":34},"end":{"line":64,"column":46}},"50":{"start":{"line":65,"column":28},"end":{"line":65,"column":185}},"51":{"start":{"line":67,"column":20},"end":{"line":67,"column":66}},"52":{"start":{"line":72,"column":8},"end":{"line":84,"column":9}},"53":{"start":{"line":73,"column":12},"end":{"line":83,"column":18}},"54":{"start":{"line":75,"column":20},"end":{"line":75,"column":49}},"55":{"start":{"line":78,"column":20},"end":{"line":78,"column":41}},"56":{"start":{"line":79,"column":20},"end":{"line":79,"column":53}},"57":{"start":{"line":80,"column":20},"end":{"line":80,"column":79}},"58":{"start":{"line":81,"column":20},"end":{"line":81,"column":50}},"59":{"start":{"line":82,"column":20},"end":{"line":82,"column":67}},"60":{"start":{"line":86,"column":8},"end":{"line":135,"column":10}},"61":{"start":{"line":87,"column":12},"end":{"line":101,"column":14}},"62":{"start":{"line":88,"column":16},"end":{"line":88,"column":32}},"63":{"start":{"line":89,"column":16},"end":{"line":89,"column":35}},"64":{"start":{"line":90,"column":16},"end":{"line":90,"column":38}},"65":{"start":{"line":91,"column":16},"end":{"line":91,"column":121}},"66":{"start":{"line":91,"column":29},"end":{"line":91,"column":62}},"67":{"start":{"line":93,"column":16},"end":{"line":93,"column":27}},"68":{"start":{"line":94,"column":16},"end":{"line":94,"column":121}},"69":{"start":{"line":94,"column":29},"end":{"line":94,"column":62}},"70":{"start":{"line":96,"column":16},"end":{"line":96,"column":31}},"71":{"start":{"line":97,"column":16},"end":{"line":97,"column":121}},"72":{"start":{"line":97,"column":29},"end":{"line":97,"column":62}},"73":{"start":{"line":99,"column":16},"end":{"line":99,"column":24}},"74":{"start":{"line":100,"column":16},"end":{"line":100,"column":121}},"75":{"start":{"line":100,"column":29},"end":{"line":100,"column":62}},"76":{"start":{"line":103,"column":12},"end":{"line":117,"column":14}},"77":{"start":{"line":104,"column":16},"end":{"line":104,"column":34}},"78":{"start":{"line":105,"column":16},"end":{"line":105,"column":33}},"79":{"start":{"line":106,"column":16},"end":{"line":106,"column":38}},"80":{"start":{"line":107,"column":16},"end":{"line":107,"column":122}},"81":{"start":{"line":107,"column":29},"end":{"line":107,"column":62}},"82":{"start":{"line":109,"column":16},"end":{"line":109,"column":28}},"83":{"start":{"line":110,"column":16},"end":{"line":110,"column":122}},"84":{"start":{"line":110,"column":29},"end":{"line":110,"column":62}},"85":{"start":{"line":112,"column":16},"end":{"line":112,"column":32}},"86":{"start":{"line":113,"column":16},"end":{"line":113,"column":122}},"87":{"start":{"line":113,"column":29},"end":{"line":113,"column":62}},"88":{"start":{"line":115,"column":16},"end":{"line":115,"column":25}},"89":{"start":{"line":116,"column":16},"end":{"line":116,"column":122}},"90":{"start":{"line":116,"column":29},"end":{"line":116,"column":62}},"91":{"start":{"line":119,"column":12},"end":{"line":133,"column":14}},"92":{"start":{"line":120,"column":16},"end":{"line":120,"column":34}},"93":{"start":{"line":121,"column":16},"end":{"line":121,"column":35}},"94":{"start":{"line":122,"column":16},"end":{"line":122,"column":36}},"95":{"start":{"line":123,"column":16},"end":{"line":123,"column":120}},"96":{"start":{"line":123,"column":29},"end":{"line":123,"column":62}},"97":{"start":{"line":125,"column":16},"end":{"line":125,"column":31}},"98":{"start":{"line":126,"column":16},"end":{"line":126,"column":120}},"99":{"start":{"line":126,"column":29},"end":{"line":126,"column":62}},"100":{"start":{"line":128,"column":16},"end":{"line":128,"column":35}},"101":{"start":{"line":129,"column":16},"end":{"line":129,"column":120}},"102":{"start":{"line":129,"column":29},"end":{"line":129,"column":62}},"103":{"start":{"line":131,"column":16},"end":{"line":131,"column":28}},"104":{"start":{"line":132,"column":16},"end":{"line":132,"column":120}},"105":{"start":{"line":132,"column":29},"end":{"line":132,"column":62}},"106":{"start":{"line":138,"column":4},"end":{"line":138,"column":102}},"107":{"start":{"line":138,"column":16},"end":{"line":138,"column":101}},"108":{"start":{"line":138,"column":79},"end":{"line":138,"column":100}}},"fnMap":{"0":{"name":"(anonymous_0)","decl":{"start":{"line":9,"column":26},"end":{"line":9,"column":27}},"loc":{"start":{"line":9,"column":32},"end":{"line":139,"column":1}},"line":9},"1":{"name":"(anonymous_1)","decl":{"start":{"line":11,"column":11},"end":{"line":11,"column":12}},"loc":{"start":{"line":12,"column":8},"end":{"line":14,"column":28}},"line":12},"2":{"name":"(anonymous_2)","decl":{"start":{"line":13,"column":18},"end":{"line":13,"column":19}},"loc":{"start":{"line":13,"column":24},"end":{"line":13,"column":75}},"line":13},"3":{"name":"(anonymous_3)","decl":{"start":{"line":14,"column":18},"end":{"line":14,"column":19}},"loc":{"start":{"line":14,"column":24},"end":{"line":14,"column":27}},"line":14},"4":{"name":"(anonymous_4)","decl":{"start":{"line":19,"column":15},"end":{"line":19,"column":16}},"loc":{"start":{"line":19,"column":21},"end":{"line":54,"column":5}},"line":19},"5":{"name":"(anonymous_5)","decl":{"start":{"line":55,"column":41},"end":{"line":55,"column":42}},"loc":{"start":{"line":55,"column":47},"end":{"line":136,"column":5}},"line":55},"6":{"name":"(anonymous_6)","decl":{"start":{"line":57,"column":19},"end":{"line":57,"column":20}},"loc":{"start":{"line":58,"column":12},"end":{"line":69,"column":32}},"line":58},"7":{"name":"(anonymous_7)","decl":{"start":{"line":59,"column":22},"end":{"line":59,"column":23}},"loc":{"start":{"line":59,"column":41},"end":{"line":62,"column":17}},"line":59},"8":{"name":"(anonymous_8)","decl":{"start":{"line":63,"column":22},"end":{"line":63,"column":23}},"loc":{"start":{"line":63,"column":28},"end":{"line":63,"column":479}},"line":63},"9":{"name":"(anonymous_9)","decl":{"start":{"line":64,"column":22},"end":{"line":64,"column":23}},"loc":{"start":{"line":64,"column":34},"end":{"line":64,"column":46}},"line":64},"10":{"name":"(anonymous_10)","decl":{"start":{"line":65,"column":22},"end":{"line":65,"column":23}},"loc":{"start":{"line":65,"column":28},"end":{"line":65,"column":185}},"line":65},"11":{"name":"(anonymous_11)","decl":{"start":{"line":66,"column":22},"end":{"line":66,"column":23}},"loc":{"start":{"line":66,"column":40},"end":{"line":68,"column":17}},"line":66},"12":{"name":"(anonymous_12)","decl":{"start":{"line":69,"column":22},"end":{"line":69,"column":23}},"loc":{"start":{"line":69,"column":28},"end":{"line":69,"column":31}},"line":69},"13":{"name":"(anonymous_13)","decl":{"start":{"line":72,"column":50},"end":{"line":72,"column":51}},"loc":{"start":{"line":73,"column":12},"end":{"line":83,"column":18}},"line":73},"14":{"name":"(anonymous_14)","decl":{"start":{"line":74,"column":22},"end":{"line":74,"column":23}},"loc":{"start":{"line":74,"column":28},"end":{"line":76,"column":17}},"line":74},"15":{"name":"(anonymous_15)","decl":{"start":{"line":77,"column":22},"end":{"line":77,"column":23}},"loc":{"start":{"line":77,"column":30},"end":{"line":83,"column":17}},"line":77},"16":{"name":"(anonymous_16)","decl":{"start":{"line":86,"column":34},"end":{"line":86,"column":35}},"loc":{"start":{"line":86,"column":40},"end":{"line":135,"column":9}},"line":86},"17":{"name":"(anonymous_17)","decl":{"start":{"line":87,"column":63},"end":{"line":87,"column":64}},"loc":{"start":{"line":87,"column":69},"end":{"line":101,"column":13}},"line":87},"18":{"name":"(anonymous_18)","decl":{"start":{"line":91,"column":23},"end":{"line":91,"column":24}},"loc":{"start":{"line":91,"column":29},"end":{"line":91,"column":62}},"line":91},"19":{"name":"(anonymous_19)","decl":{"start":{"line":94,"column":23},"end":{"line":94,"column":24}},"loc":{"start":{"line":94,"column":29},"end":{"line":94,"column":62}},"line":94},"20":{"name":"(anonymous_20)","decl":{"start":{"line":97,"column":23},"end":{"line":97,"column":24}},"loc":{"start":{"line":97,"column":29},"end":{"line":97,"column":62}},"line":97},"21":{"name":"(anonymous_21)","decl":{"start":{"line":100,"column":23},"end":{"line":100,"column":24}},"loc":{"start":{"line":100,"column":29},"end":{"line":100,"column":62}},"line":100},"22":{"name":"(anonymous_22)","decl":{"start":{"line":103,"column":58},"end":{"line":103,"column":59}},"loc":{"start":{"line":103,"column":64},"end":{"line":117,"column":13}},"line":103},"23":{"name":"(anonymous_23)","decl":{"start":{"line":107,"column":23},"end":{"line":107,"column":24}},"loc":{"start":{"line":107,"column":29},"end":{"line":107,"column":62}},"line":107},"24":{"name":"(anonymous_24)","decl":{"start":{"line":110,"column":23},"end":{"line":110,"column":24}},"loc":{"start":{"line":110,"column":29},"end":{"line":110,"column":62}},"line":110},"25":{"name":"(anonymous_25)","decl":{"start":{"line":113,"column":23},"end":{"line":113,"column":24}},"loc":{"start":{"line":113,"column":29},"end":{"line":113,"column":62}},"line":113},"26":{"name":"(anonymous_26)","decl":{"start":{"line":116,"column":23},"end":{"line":116,"column":24}},"loc":{"start":{"line":116,"column":29},"end":{"line":116,"column":62}},"line":116},"27":{"name":"(anonymous_27)","decl":{"start":{"line":119,"column":53},"end":{"line":119,"column":54}},"loc":{"start":{"line":119,"column":59},"end":{"line":133,"column":13}},"line":119},"28":{"name":"(anonymous_28)","decl":{"start":{"line":123,"column":23},"end":{"line":123,"column":24}},"loc":{"start":{"line":123,"column":29},"end":{"line":123,"column":62}},"line":123},"29":{"name":"(anonymous_29)","decl":{"start":{"line":126,"column":23},"end":{"line":126,"column":24}},"loc":{"start":{"line":126,"column":29},"end":{"line":126,"column":62}},"line":126},"30":{"name":"(anonymous_30)","decl":{"start":{"line":129,"column":23},"end":{"line":129,"column":24}},"loc":{"start":{"line":129,"column":29},"end":{"line":129,"column":62}},"line":129},"31":{"name":"(anonymous_31)","decl":{"start":{"line":132,"column":23},"end":{"line":132,"column":24}},"loc":{"start":{"line":132,"column":29},"end":{"line":132,"column":62}},"line":132},"32":{"name":"(anonymous_32)","decl":{"start":{"line":138,"column":10},"end":{"line":138,"column":11}},"loc":{"start":{"line":138,"column":16},"end":{"line":138,"column":101}},"line":138},"33":{"name":"(anonymous_33)","decl":{"start":{"line":138,"column":73},"end":{"line":138,"column":74}},"loc":{"start":{"line":138,"column":79},"end":{"line":138,"column":100}},"line":138}},"branchMap":{},"s":{"0":1,"1":1,"2":1,"3":1,"4":1,"5":1,"6":1,"7":1,"8":1,"9":1,"10":1,"11":4,"12":4,"13":4,"14":4,"15":4,"16":4,"17":4,"18":4,"19":4,"20":4,"21":4,"22":4,"23":4,"24":4,"25":4,"26":4,"27":4,"28":4,"29":4,"30":4,"31":4,"32":4,"33":4,"34":4,"35":4,"36":4,"37":4,"38":4,"39":4,"40":4,"41":4,"42":4,"43":1,"44":1,"45":4,"46":4,"47":4,"48":4,"49":4,"50":4,"51":4,"52":1,"53":1,"54":1,"55":1,"56":1,"57":1,"58":1,"59":1,"60":1,"61":1,"62":1,"63":1,"64":1,"65":1,"66":1,"67":1,"68":1,"69":1,"70":1,"71":1,"72":1,"73":1,"74":1,"75":1,"76":1,"77":1,"78":1,"79":1,"80":1,"81":1,"82":1,"83":1,"84":1,"85":1,"86":1,"87":1,"88":1,"89":1,"90":1,"91":1,"92":1,"93":1,"94":1,"95":1,"96":1,"97":1,"98":1,"99":1,"100":1,"101":1,"102":1,"103":1,"104":1,"105":1,"106":1,"107":1,"108":1},"f":{"0":1,"1":1,"2":1,"3":1,"4":4,"5":1,"6":4,"7":4,"8":4,"9":4,"10":4,"11":4,"12":4,"13":1,"14":1,"15":1,"16":1,"17":1,"18":1,"19":1,"20":1,"21":1,"22":1,"23":1,"24":1,"25":1,"26":1,"27":1,"28":1,"29":1,"30":1,"31":1,"32":1,"33":1},"b":{},"_coverageSchema":"1a1c01bbd47fc00a2c39e90264f33305004495a9","hash":"1af00a3d2b114d1f5356a935776c1c0ccdee5d32","contentHash":"6a164b38e12e8da1bd25be1e9de6b40b5e92ef2fa0406f1e4aac3cb626e19e43"},"/Users/federicolacabaratz/bootcamp/collab/skylab-bootcamp-202001/staff/federico-lacabaratz/share-my-spot/share-my-spot-api/logic/accept-booking.js":{"path":"/Users/federicolacabaratz/bootcamp/collab/skylab-bootcamp-202001/staff/federico-lacabaratz/share-my-spot/share-my-spot-api/logic/accept-booking.js","statementMap":{"0":{"start":{"line":1,"column":21},"end":{"line":1,"column":51}},"1":{"start":{"line":2,"column":35},"end":{"line":2,"column":64}},"2":{"start":{"line":3,"column":26},"end":{"line":3,"column":57}},"3":{"start":{"line":17,"column":0},"end":{"line":46,"column":1}},"4":{"start":{"line":18,"column":4},"end":{"line":18,"column":47}},"5":{"start":{"line":19,"column":4},"end":{"line":19,"column":47}},"6":{"start":{"line":20,"column":4},"end":{"line":20,"column":37}},"7":{"start":{"line":22,"column":4},"end":{"line":44,"column":8}},"8":{"start":{"line":23,"column":22},"end":{"line":23,"column":54}},"9":{"start":{"line":24,"column":8},"end":{"line":24,"column":84}},"10":{"start":{"line":24,"column":20},"end":{"line":24,"column":84}},"11":{"start":{"line":26,"column":26},"end":{"line":26,"column":58}},"12":{"start":{"line":27,"column":8},"end":{"line":27,"column":88}},"13":{"start":{"line":27,"column":24},"end":{"line":27,"column":88}},"14":{"start":{"line":29,"column":21},"end":{"line":29,"column":48}},"15":{"start":{"line":30,"column":8},"end":{"line":30,"column":78}},"16":{"start":{"line":30,"column":19},"end":{"line":30,"column":78}},"17":{"start":{"line":32,"column":39},"end":{"line":32,"column":103}},"18":{"start":{"line":32,"column":73},"end":{"line":32,"column":102}},"19":{"start":{"line":34,"column":8},"end":{"line":34,"column":110}},"20":{"start":{"line":34,"column":37},"end":{"line":34,"column":110}},"21":{"start":{"line":36,"column":8},"end":{"line":36,"column":35}},"22":{"start":{"line":37,"column":8},"end":{"line":37,"column":35}},"23":{"start":{"line":38,"column":8},"end":{"line":38,"column":99}},"24":{"start":{"line":38,"column":69},"end":{"line":38,"column":98}},"25":{"start":{"line":40,"column":8},"end":{"line":40,"column":25}},"26":{"start":{"line":42,"column":8},"end":{"line":42,"column":14}}},"fnMap":{"0":{"name":"(anonymous_0)","decl":{"start":{"line":17,"column":17},"end":{"line":17,"column":18}},"loc":{"start":{"line":17,"column":55},"end":{"line":46,"column":1}},"line":17},"1":{"name":"(anonymous_1)","decl":{"start":{"line":22,"column":12},"end":{"line":22,"column":13}},"loc":{"start":{"line":22,"column":24},"end":{"line":44,"column":5}},"line":22},"2":{"name":"(anonymous_2)","decl":{"start":{"line":32,"column":67},"end":{"line":32,"column":68}},"loc":{"start":{"line":32,"column":73},"end":{"line":32,"column":102}},"line":32},"3":{"name":"(anonymous_3)","decl":{"start":{"line":38,"column":63},"end":{"line":38,"column":64}},"loc":{"start":{"line":38,"column":69},"end":{"line":38,"column":98}},"line":38}},"branchMap":{"0":{"loc":{"start":{"line":24,"column":8},"end":{"line":24,"column":84}},"type":"if","locations":[{"start":{"line":24,"column":8},"end":{"line":24,"column":84}},{"start":{"line":24,"column":8},"end":{"line":24,"column":84}}],"line":24},"1":{"loc":{"start":{"line":27,"column":8},"end":{"line":27,"column":88}},"type":"if","locations":[{"start":{"line":27,"column":8},"end":{"line":27,"column":88}},{"start":{"line":27,"column":8},"end":{"line":27,"column":88}}],"line":27},"2":{"loc":{"start":{"line":30,"column":8},"end":{"line":30,"column":78}},"type":"if","locations":[{"start":{"line":30,"column":8},"end":{"line":30,"column":78}},{"start":{"line":30,"column":8},"end":{"line":30,"column":78}}],"line":30},"3":{"loc":{"start":{"line":34,"column":8},"end":{"line":34,"column":110}},"type":"if","locations":[{"start":{"line":34,"column":8},"end":{"line":34,"column":110}},{"start":{"line":34,"column":8},"end":{"line":34,"column":110}}],"line":34}},"s":{"0":1,"1":1,"2":1,"3":1,"4":13,"5":9,"6":5,"7":1,"8":1,"9":1,"10":0,"11":1,"12":1,"13":0,"14":1,"15":1,"16":0,"17":1,"18":1,"19":1,"20":0,"21":1,"22":1,"23":1,"24":1,"25":1,"26":1},"f":{"0":13,"1":1,"2":1,"3":1},"b":{"0":[0,1],"1":[0,1],"2":[0,1],"3":[0,1]},"_coverageSchema":"1a1c01bbd47fc00a2c39e90264f33305004495a9","hash":"b03e2d014b555605f6bf4291da92a46f33aa0aa1","contentHash":"0e49a71def02d777df640bcee7ec7107f195605d845faa5530180a693fb26264"},"/Users/federicolacabaratz/bootcamp/collab/skylab-bootcamp-202001/staff/federico-lacabaratz/share-my-spot/share-my-spot-api/logic/authenticate-user.spec.js":{"path":"/Users/federicolacabaratz/bootcamp/collab/skylab-bootcamp-202001/staff/federico-lacabaratz/share-my-spot/share-my-spot-api/logic/authenticate-user.spec.js","statementMap":{"0":{"start":{"line":1,"column":0},"end":{"line":1,"column":26}},"1":{"start":{"line":3,"column":38},"end":{"line":3,"column":45}},"2":{"start":{"line":4,"column":39},"end":{"line":4,"column":68}},"3":{"start":{"line":5,"column":19},"end":{"line":5,"column":34}},"4":{"start":{"line":6,"column":19},"end":{"line":6,"column":23}},"5":{"start":{"line":7,"column":25},"end":{"line":7,"column":55}},"6":{"start":{"line":8,"column":25},"end":{"line":8,"column":56}},"7":{"start":{"line":9,"column":15},"end":{"line":9,"column":34}},"8":{"start":{"line":11,"column":0},"end":{"line":150,"column":2}},"9":{"start":{"line":13,"column":4},"end":{"line":16,"column":6}},"10":{"start":{"line":14,"column":8},"end":{"line":14,"column":101}},"11":{"start":{"line":15,"column":8},"end":{"line":15,"column":55}},"12":{"start":{"line":20,"column":4},"end":{"line":26,"column":6}},"13":{"start":{"line":21,"column":8},"end":{"line":21,"column":33}},"14":{"start":{"line":22,"column":8},"end":{"line":22,"column":39}},"15":{"start":{"line":23,"column":8},"end":{"line":23,"column":44}},"16":{"start":{"line":24,"column":8},"end":{"line":24,"column":41}},"17":{"start":{"line":25,"column":8},"end":{"line":25,"column":41}},"18":{"start":{"line":28,"column":4},"end":{"line":73,"column":6}},"19":{"start":{"line":31,"column":8},"end":{"line":37,"column":9}},"20":{"start":{"line":32,"column":12},"end":{"line":36,"column":44}},"21":{"start":{"line":34,"column":20},"end":{"line":34,"column":74}},"22":{"start":{"line":36,"column":30},"end":{"line":36,"column":43}},"23":{"start":{"line":39,"column":8},"end":{"line":46,"column":9}},"24":{"start":{"line":40,"column":12},"end":{"line":45,"column":18}},"25":{"start":{"line":42,"column":20},"end":{"line":42,"column":48}},"26":{"start":{"line":43,"column":20},"end":{"line":43,"column":58}},"27":{"start":{"line":44,"column":20},"end":{"line":44,"column":44}},"28":{"start":{"line":48,"column":8},"end":{"line":59,"column":10}},"29":{"start":{"line":49,"column":12},"end":{"line":49,"column":48}},"30":{"start":{"line":51,"column":12},"end":{"line":58,"column":13}},"31":{"start":{"line":52,"column":16},"end":{"line":52,"column":55}},"32":{"start":{"line":54,"column":16},"end":{"line":54,"column":66}},"33":{"start":{"line":56,"column":16},"end":{"line":56,"column":38}},"34":{"start":{"line":57,"column":16},"end":{"line":57,"column":67}},"35":{"start":{"line":61,"column":8},"end":{"line":72,"column":10}},"36":{"start":{"line":62,"column":12},"end":{"line":62,"column":45}},"37":{"start":{"line":64,"column":12},"end":{"line":71,"column":13}},"38":{"start":{"line":65,"column":16},"end":{"line":65,"column":55}},"39":{"start":{"line":67,"column":16},"end":{"line":67,"column":66}},"40":{"start":{"line":69,"column":16},"end":{"line":69,"column":38}},"41":{"start":{"line":70,"column":16},"end":{"line":70,"column":67}},"42":{"start":{"line":75,"column":4},"end":{"line":87,"column":10}},"43":{"start":{"line":76,"column":8},"end":{"line":76,"column":44}},"44":{"start":{"line":77,"column":8},"end":{"line":77,"column":41}},"45":{"start":{"line":79,"column":12},"end":{"line":86,"column":13}},"46":{"start":{"line":80,"column":16},"end":{"line":80,"column":55}},"47":{"start":{"line":82,"column":16},"end":{"line":82,"column":66}},"48":{"start":{"line":84,"column":16},"end":{"line":84,"column":38}},"49":{"start":{"line":85,"column":16},"end":{"line":85,"column":67}},"50":{"start":{"line":89,"column":8},"end":{"line":144,"column":10}},"51":{"start":{"line":91,"column":12},"end":{"line":121,"column":14}},"52":{"start":{"line":92,"column":16},"end":{"line":92,"column":25}},"53":{"start":{"line":93,"column":16},"end":{"line":95,"column":75}},"54":{"start":{"line":94,"column":20},"end":{"line":94,"column":53}},"55":{"start":{"line":97,"column":16},"end":{"line":97,"column":29}},"56":{"start":{"line":98,"column":16},"end":{"line":100,"column":75}},"57":{"start":{"line":99,"column":20},"end":{"line":99,"column":53}},"58":{"start":{"line":102,"column":16},"end":{"line":102,"column":33}},"59":{"start":{"line":103,"column":16},"end":{"line":105,"column":75}},"60":{"start":{"line":104,"column":20},"end":{"line":104,"column":53}},"61":{"start":{"line":107,"column":16},"end":{"line":107,"column":26}},"62":{"start":{"line":108,"column":16},"end":{"line":110,"column":75}},"63":{"start":{"line":109,"column":20},"end":{"line":109,"column":53}},"64":{"start":{"line":112,"column":16},"end":{"line":112,"column":36}},"65":{"start":{"line":113,"column":16},"end":{"line":115,"column":73}},"66":{"start":{"line":114,"column":20},"end":{"line":114,"column":53}},"67":{"start":{"line":117,"column":16},"end":{"line":117,"column":40}},"68":{"start":{"line":118,"column":16},"end":{"line":120,"column":73}},"69":{"start":{"line":119,"column":20},"end":{"line":119,"column":53}},"70":{"start":{"line":123,"column":12},"end":{"line":143,"column":14}},"71":{"start":{"line":124,"column":16},"end":{"line":124,"column":28}},"72":{"start":{"line":125,"column":16},"end":{"line":127,"column":81}},"73":{"start":{"line":126,"column":20},"end":{"line":126,"column":53}},"74":{"start":{"line":129,"column":16},"end":{"line":129,"column":32}},"75":{"start":{"line":130,"column":16},"end":{"line":132,"column":81}},"76":{"start":{"line":131,"column":20},"end":{"line":131,"column":53}},"77":{"start":{"line":134,"column":16},"end":{"line":134,"column":36}},"78":{"start":{"line":135,"column":16},"end":{"line":137,"column":81}},"79":{"start":{"line":136,"column":20},"end":{"line":136,"column":53}},"80":{"start":{"line":139,"column":16},"end":{"line":139,"column":29}},"81":{"start":{"line":140,"column":16},"end":{"line":142,"column":81}},"82":{"start":{"line":141,"column":20},"end":{"line":141,"column":53}},"83":{"start":{"line":146,"column":4},"end":{"line":149,"column":6}},"84":{"start":{"line":147,"column":8},"end":{"line":147,"column":48}},"85":{"start":{"line":148,"column":8},"end":{"line":148,"column":42}}},"fnMap":{"0":{"name":"(anonymous_0)","decl":{"start":{"line":11,"column":29},"end":{"line":11,"column":30}},"loc":{"start":{"line":11,"column":35},"end":{"line":150,"column":1}},"line":11},"1":{"name":"(anonymous_1)","decl":{"start":{"line":13,"column":11},"end":{"line":13,"column":12}},"loc":{"start":{"line":13,"column":23},"end":{"line":16,"column":5}},"line":13},"2":{"name":"(anonymous_2)","decl":{"start":{"line":20,"column":15},"end":{"line":20,"column":16}},"loc":{"start":{"line":20,"column":21},"end":{"line":26,"column":5}},"line":20},"3":{"name":"(anonymous_3)","decl":{"start":{"line":28,"column":41},"end":{"line":28,"column":42}},"loc":{"start":{"line":28,"column":47},"end":{"line":73,"column":5}},"line":28},"4":{"name":"(anonymous_4)","decl":{"start":{"line":31,"column":19},"end":{"line":31,"column":20}},"loc":{"start":{"line":32,"column":12},"end":{"line":36,"column":44}},"line":32},"5":{"name":"(anonymous_5)","decl":{"start":{"line":33,"column":22},"end":{"line":33,"column":23}},"loc":{"start":{"line":34,"column":20},"end":{"line":34,"column":74}},"line":34},"6":{"name":"(anonymous_6)","decl":{"start":{"line":36,"column":22},"end":{"line":36,"column":23}},"loc":{"start":{"line":36,"column":30},"end":{"line":36,"column":43}},"line":36},"7":{"name":"(anonymous_7)","decl":{"start":{"line":39,"column":72},"end":{"line":39,"column":73}},"loc":{"start":{"line":40,"column":12},"end":{"line":45,"column":18}},"line":40},"8":{"name":"(anonymous_8)","decl":{"start":{"line":41,"column":22},"end":{"line":41,"column":23}},"loc":{"start":{"line":41,"column":28},"end":{"line":45,"column":17}},"line":41},"9":{"name":"(anonymous_9)","decl":{"start":{"line":48,"column":45},"end":{"line":48,"column":46}},"loc":{"start":{"line":48,"column":57},"end":{"line":59,"column":9}},"line":48},"10":{"name":"(anonymous_10)","decl":{"start":{"line":61,"column":48},"end":{"line":61,"column":49}},"loc":{"start":{"line":61,"column":60},"end":{"line":72,"column":9}},"line":61},"11":{"name":"(anonymous_11)","decl":{"start":{"line":75,"column":47},"end":{"line":75,"column":48}},"loc":{"start":{"line":75,"column":59},"end":{"line":87,"column":9}},"line":75},"12":{"name":"(anonymous_12)","decl":{"start":{"line":89,"column":34},"end":{"line":89,"column":35}},"loc":{"start":{"line":89,"column":40},"end":{"line":144,"column":9}},"line":89},"13":{"name":"(anonymous_13)","decl":{"start":{"line":91,"column":66},"end":{"line":91,"column":67}},"loc":{"start":{"line":91,"column":72},"end":{"line":121,"column":13}},"line":91},"14":{"name":"(anonymous_14)","decl":{"start":{"line":93,"column":23},"end":{"line":93,"column":24}},"loc":{"start":{"line":94,"column":20},"end":{"line":94,"column":53}},"line":94},"15":{"name":"(anonymous_15)","decl":{"start":{"line":98,"column":23},"end":{"line":98,"column":24}},"loc":{"start":{"line":99,"column":20},"end":{"line":99,"column":53}},"line":99},"16":{"name":"(anonymous_16)","decl":{"start":{"line":103,"column":23},"end":{"line":103,"column":24}},"loc":{"start":{"line":104,"column":20},"end":{"line":104,"column":53}},"line":104},"17":{"name":"(anonymous_17)","decl":{"start":{"line":108,"column":23},"end":{"line":108,"column":24}},"loc":{"start":{"line":109,"column":20},"end":{"line":109,"column":53}},"line":109},"18":{"name":"(anonymous_18)","decl":{"start":{"line":113,"column":23},"end":{"line":113,"column":24}},"loc":{"start":{"line":114,"column":20},"end":{"line":114,"column":53}},"line":114},"19":{"name":"(anonymous_19)","decl":{"start":{"line":118,"column":23},"end":{"line":118,"column":24}},"loc":{"start":{"line":119,"column":20},"end":{"line":119,"column":53}},"line":119},"20":{"name":"(anonymous_20)","decl":{"start":{"line":123,"column":55},"end":{"line":123,"column":56}},"loc":{"start":{"line":123,"column":61},"end":{"line":143,"column":13}},"line":123},"21":{"name":"(anonymous_21)","decl":{"start":{"line":125,"column":23},"end":{"line":125,"column":24}},"loc":{"start":{"line":126,"column":20},"end":{"line":126,"column":53}},"line":126},"22":{"name":"(anonymous_22)","decl":{"start":{"line":130,"column":23},"end":{"line":130,"column":24}},"loc":{"start":{"line":131,"column":20},"end":{"line":131,"column":53}},"line":131},"23":{"name":"(anonymous_23)","decl":{"start":{"line":135,"column":23},"end":{"line":135,"column":24}},"loc":{"start":{"line":136,"column":20},"end":{"line":136,"column":53}},"line":136},"24":{"name":"(anonymous_24)","decl":{"start":{"line":140,"column":23},"end":{"line":140,"column":24}},"loc":{"start":{"line":141,"column":20},"end":{"line":141,"column":53}},"line":141},"25":{"name":"(anonymous_25)","decl":{"start":{"line":146,"column":10},"end":{"line":146,"column":11}},"loc":{"start":{"line":146,"column":22},"end":{"line":149,"column":5}},"line":146}},"branchMap":{},"s":{"0":1,"1":1,"2":1,"3":1,"4":1,"5":1,"6":1,"7":1,"8":1,"9":1,"10":1,"11":1,"12":1,"13":6,"14":6,"15":6,"16":6,"17":6,"18":1,"19":1,"20":3,"21":3,"22":3,"23":1,"24":1,"25":1,"26":1,"27":1,"28":1,"29":1,"30":1,"31":1,"32":0,"33":1,"34":1,"35":1,"36":1,"37":1,"38":1,"39":0,"40":1,"41":1,"42":1,"43":1,"44":1,"45":1,"46":1,"47":0,"48":1,"49":1,"50":1,"51":1,"52":1,"53":1,"54":1,"55":1,"56":1,"57":1,"58":1,"59":1,"60":1,"61":1,"62":1,"63":1,"64":1,"65":1,"66":1,"67":1,"68":1,"69":1,"70":1,"71":1,"72":1,"73":1,"74":1,"75":1,"76":1,"77":1,"78":1,"79":1,"80":1,"81":1,"82":1,"83":1,"84":1,"85":1},"f":{"0":1,"1":1,"2":6,"3":1,"4":3,"5":3,"6":3,"7":1,"8":1,"9":1,"10":1,"11":1,"12":1,"13":1,"14":1,"15":1,"16":1,"17":1,"18":1,"19":1,"20":1,"21":1,"22":1,"23":1,"24":1,"25":1},"b":{},"_coverageSchema":"1a1c01bbd47fc00a2c39e90264f33305004495a9","hash":"8b9f0b0dcc4586f10f2e8e1886f26a0829987f0f","contentHash":"071c3e72e37e9f4fcc20ef248255cf87a0745273bdb429ca05504a36e8cf2918"},"/Users/federicolacabaratz/bootcamp/collab/skylab-bootcamp-202001/staff/federico-lacabaratz/share-my-spot/share-my-spot-api/logic/authenticate-user.js":{"path":"/Users/federicolacabaratz/bootcamp/collab/skylab-bootcamp-202001/staff/federico-lacabaratz/share-my-spot/share-my-spot-api/logic/authenticate-user.js","statementMap":{"0":{"start":{"line":1,"column":21},"end":{"line":1,"column":51}},"1":{"start":{"line":2,"column":29},"end":{"line":2,"column":58}},"2":{"start":{"line":3,"column":28},"end":{"line":3,"column":59}},"3":{"start":{"line":4,"column":20},"end":{"line":4,"column":39}},"4":{"start":{"line":19,"column":0},"end":{"line":39,"column":1}},"5":{"start":{"line":20,"column":4},"end":{"line":20,"column":35}},"6":{"start":{"line":21,"column":4},"end":{"line":21,"column":25}},"7":{"start":{"line":22,"column":4},"end":{"line":22,"column":41}},"8":{"start":{"line":24,"column":4},"end":{"line":38,"column":8}},"9":{"start":{"line":25,"column":21},"end":{"line":25,"column":50}},"10":{"start":{"line":27,"column":8},"end":{"line":27,"column":65}},"11":{"start":{"line":27,"column":19},"end":{"line":27,"column":65}},"12":{"start":{"line":29,"column":30},"end":{"line":29,"column":68}},"13":{"start":{"line":31,"column":8},"end":{"line":31,"column":74}},"14":{"start":{"line":31,"column":28},"end":{"line":31,"column":74}},"15":{"start":{"line":33,"column":8},"end":{"line":33,"column":43}},"16":{"start":{"line":35,"column":23},"end":{"line":35,"column":40}},"17":{"start":{"line":37,"column":8},"end":{"line":37,"column":17}}},"fnMap":{"0":{"name":"(anonymous_0)","decl":{"start":{"line":19,"column":17},"end":{"line":19,"column":18}},"loc":{"start":{"line":19,"column":38},"end":{"line":39,"column":1}},"line":19},"1":{"name":"(anonymous_1)","decl":{"start":{"line":24,"column":12},"end":{"line":24,"column":13}},"loc":{"start":{"line":24,"column":23},"end":{"line":38,"column":5}},"line":24}},"branchMap":{"0":{"loc":{"start":{"line":27,"column":8},"end":{"line":27,"column":65}},"type":"if","locations":[{"start":{"line":27,"column":8},"end":{"line":27,"column":65}},{"start":{"line":27,"column":8},"end":{"line":27,"column":65}}],"line":27},"1":{"loc":{"start":{"line":31,"column":8},"end":{"line":31,"column":74}},"type":"if","locations":[{"start":{"line":31,"column":8},"end":{"line":31,"column":74}},{"start":{"line":31,"column":8},"end":{"line":31,"column":74}}],"line":31}},"s":{"0":1,"1":1,"2":1,"3":1,"4":1,"5":14,"6":10,"7":8,"8":4,"9":4,"10":4,"11":2,"12":2,"13":2,"14":1,"15":1,"16":1,"17":1},"f":{"0":14,"1":4},"b":{"0":[2,2],"1":[1,1]},"_coverageSchema":"1a1c01bbd47fc00a2c39e90264f33305004495a9","hash":"a976fe2337e6b2720df4874bc6fd2384f52e07be","contentHash":"2c641e85f25f32915ce4ddd429867e930aee7f8d8d456cd5c24f9315927037b8"},"/Users/federicolacabaratz/bootcamp/collab/skylab-bootcamp-202001/staff/federico-lacabaratz/share-my-spot/share-my-spot-api/logic/book-spot.spec.js":{"path":"/Users/federicolacabaratz/bootcamp/collab/skylab-bootcamp-202001/staff/federico-lacabaratz/share-my-spot/share-my-spot-api/logic/book-spot.spec.js","statementMap":{"0":{"start":{"line":1,"column":0},"end":{"line":1,"column":26}},"1":{"start":{"line":3,"column":38},"end":{"line":3,"column":45}},"2":{"start":{"line":4,"column":45},"end":{"line":4,"column":74}},"3":{"start":{"line":5,"column":19},"end":{"line":5,"column":34}},"4":{"start":{"line":6,"column":19},"end":{"line":6,"column":23}},"5":{"start":{"line":7,"column":17},"end":{"line":7,"column":39}},"6":{"start":{"line":9,"column":0},"end":{"line":121,"column":2}},"7":{"start":{"line":11,"column":4},"end":{"line":15,"column":5}},"8":{"start":{"line":12,"column":8},"end":{"line":14,"column":28}},"9":{"start":{"line":13,"column":24},"end":{"line":13,"column":75}},"10":{"start":{"line":19,"column":4},"end":{"line":54,"column":6}},"11":{"start":{"line":20,"column":8},"end":{"line":20,"column":33}},"12":{"start":{"line":21,"column":8},"end":{"line":21,"column":39}},"13":{"start":{"line":22,"column":8},"end":{"line":22,"column":44}},"14":{"start":{"line":23,"column":8},"end":{"line":23,"column":38}},"15":{"start":{"line":24,"column":8},"end":{"line":24,"column":41}},"16":{"start":{"line":26,"column":8},"end":{"line":26,"column":34}},"17":{"start":{"line":27,"column":8},"end":{"line":27,"column":40}},"18":{"start":{"line":28,"column":8},"end":{"line":28,"column":45}},"19":{"start":{"line":29,"column":8},"end":{"line":29,"column":39}},"20":{"start":{"line":30,"column":8},"end":{"line":30,"column":42}},"21":{"start":{"line":32,"column":8},"end":{"line":32,"column":35}},"22":{"start":{"line":33,"column":8},"end":{"line":33,"column":37}},"23":{"start":{"line":34,"column":8},"end":{"line":34,"column":55}},"24":{"start":{"line":35,"column":8},"end":{"line":35,"column":49}},"25":{"start":{"line":36,"column":8},"end":{"line":36,"column":20}},"26":{"start":{"line":37,"column":8},"end":{"line":37,"column":20}},"27":{"start":{"line":38,"column":8},"end":{"line":38,"column":20}},"28":{"start":{"line":39,"column":8},"end":{"line":39,"column":17}},"29":{"start":{"line":40,"column":8},"end":{"line":40,"column":47}},"30":{"start":{"line":41,"column":8},"end":{"line":41,"column":17}},"31":{"start":{"line":42,"column":8},"end":{"line":42,"column":29}},"32":{"start":{"line":43,"column":8},"end":{"line":43,"column":27}},"33":{"start":{"line":44,"column":8},"end":{"line":44,"column":25}},"34":{"start":{"line":45,"column":8},"end":{"line":45,"column":27}},"35":{"start":{"line":46,"column":8},"end":{"line":46,"column":26}},"36":{"start":{"line":47,"column":8},"end":{"line":47,"column":19}},"37":{"start":{"line":48,"column":8},"end":{"line":48,"column":19}},"38":{"start":{"line":49,"column":8},"end":{"line":49,"column":19}},"39":{"start":{"line":50,"column":8},"end":{"line":50,"column":19}},"40":{"start":{"line":51,"column":8},"end":{"line":51,"column":19}},"41":{"start":{"line":52,"column":8},"end":{"line":52,"column":19}},"42":{"start":{"line":53,"column":8},"end":{"line":53,"column":19}},"43":{"start":{"line":55,"column":4},"end":{"line":119,"column":6}},"44":{"start":{"line":57,"column":8},"end":{"line":70,"column":9}},"45":{"start":{"line":58,"column":12},"end":{"line":69,"column":32}},"46":{"start":{"line":60,"column":20},"end":{"line":60,"column":44}},"47":{"start":{"line":61,"column":20},"end":{"line":61,"column":46}},"48":{"start":{"line":63,"column":28},"end":{"line":63,"column":479}},"49":{"start":{"line":64,"column":34},"end":{"line":64,"column":46}},"50":{"start":{"line":65,"column":28},"end":{"line":65,"column":181}},"51":{"start":{"line":67,"column":20},"end":{"line":67,"column":66}},"52":{"start":{"line":72,"column":8},"end":{"line":83,"column":9}},"53":{"start":{"line":73,"column":12},"end":{"line":82,"column":18}},"54":{"start":{"line":75,"column":20},"end":{"line":75,"column":49}},"55":{"start":{"line":78,"column":20},"end":{"line":78,"column":41}},"56":{"start":{"line":79,"column":20},"end":{"line":79,"column":53}},"57":{"start":{"line":80,"column":20},"end":{"line":80,"column":70}},"58":{"start":{"line":81,"column":20},"end":{"line":81,"column":79}},"59":{"start":{"line":85,"column":8},"end":{"line":117,"column":10}},"60":{"start":{"line":87,"column":12},"end":{"line":100,"column":14}},"61":{"start":{"line":88,"column":16},"end":{"line":88,"column":33}},"62":{"start":{"line":89,"column":16},"end":{"line":89,"column":38}},"63":{"start":{"line":90,"column":16},"end":{"line":90,"column":112}},"64":{"start":{"line":90,"column":29},"end":{"line":90,"column":52}},"65":{"start":{"line":92,"column":16},"end":{"line":92,"column":28}},"66":{"start":{"line":93,"column":16},"end":{"line":93,"column":112}},"67":{"start":{"line":93,"column":29},"end":{"line":93,"column":52}},"68":{"start":{"line":95,"column":16},"end":{"line":95,"column":32}},"69":{"start":{"line":96,"column":16},"end":{"line":96,"column":112}},"70":{"start":{"line":96,"column":29},"end":{"line":96,"column":52}},"71":{"start":{"line":98,"column":16},"end":{"line":98,"column":25}},"72":{"start":{"line":99,"column":16},"end":{"line":99,"column":112}},"73":{"start":{"line":99,"column":29},"end":{"line":99,"column":52}},"74":{"start":{"line":102,"column":12},"end":{"line":115,"column":14}},"75":{"start":{"line":103,"column":16},"end":{"line":103,"column":35}},"76":{"start":{"line":104,"column":16},"end":{"line":104,"column":36}},"77":{"start":{"line":105,"column":16},"end":{"line":105,"column":110}},"78":{"start":{"line":105,"column":29},"end":{"line":105,"column":52}},"79":{"start":{"line":107,"column":16},"end":{"line":107,"column":31}},"80":{"start":{"line":108,"column":16},"end":{"line":108,"column":110}},"81":{"start":{"line":108,"column":29},"end":{"line":108,"column":52}},"82":{"start":{"line":110,"column":16},"end":{"line":110,"column":35}},"83":{"start":{"line":111,"column":16},"end":{"line":111,"column":110}},"84":{"start":{"line":111,"column":29},"end":{"line":111,"column":52}},"85":{"start":{"line":113,"column":16},"end":{"line":113,"column":28}},"86":{"start":{"line":114,"column":16},"end":{"line":114,"column":110}},"87":{"start":{"line":114,"column":29},"end":{"line":114,"column":52}},"88":{"start":{"line":120,"column":8},"end":{"line":120,"column":106}},"89":{"start":{"line":120,"column":20},"end":{"line":120,"column":105}},"90":{"start":{"line":120,"column":83},"end":{"line":120,"column":104}}},"fnMap":{"0":{"name":"(anonymous_0)","decl":{"start":{"line":9,"column":21},"end":{"line":9,"column":22}},"loc":{"start":{"line":9,"column":27},"end":{"line":121,"column":1}},"line":9},"1":{"name":"(anonymous_1)","decl":{"start":{"line":11,"column":11},"end":{"line":11,"column":12}},"loc":{"start":{"line":12,"column":8},"end":{"line":14,"column":28}},"line":12},"2":{"name":"(anonymous_2)","decl":{"start":{"line":13,"column":18},"end":{"line":13,"column":19}},"loc":{"start":{"line":13,"column":24},"end":{"line":13,"column":75}},"line":13},"3":{"name":"(anonymous_3)","decl":{"start":{"line":14,"column":18},"end":{"line":14,"column":19}},"loc":{"start":{"line":14,"column":24},"end":{"line":14,"column":27}},"line":14},"4":{"name":"(anonymous_4)","decl":{"start":{"line":19,"column":15},"end":{"line":19,"column":16}},"loc":{"start":{"line":19,"column":21},"end":{"line":54,"column":5}},"line":19},"5":{"name":"(anonymous_5)","decl":{"start":{"line":55,"column":41},"end":{"line":55,"column":42}},"loc":{"start":{"line":55,"column":47},"end":{"line":119,"column":5}},"line":55},"6":{"name":"(anonymous_6)","decl":{"start":{"line":57,"column":19},"end":{"line":57,"column":20}},"loc":{"start":{"line":58,"column":12},"end":{"line":69,"column":32}},"line":58},"7":{"name":"(anonymous_7)","decl":{"start":{"line":59,"column":22},"end":{"line":59,"column":23}},"loc":{"start":{"line":59,"column":41},"end":{"line":62,"column":17}},"line":59},"8":{"name":"(anonymous_8)","decl":{"start":{"line":63,"column":22},"end":{"line":63,"column":23}},"loc":{"start":{"line":63,"column":28},"end":{"line":63,"column":479}},"line":63},"9":{"name":"(anonymous_9)","decl":{"start":{"line":64,"column":22},"end":{"line":64,"column":23}},"loc":{"start":{"line":64,"column":34},"end":{"line":64,"column":46}},"line":64},"10":{"name":"(anonymous_10)","decl":{"start":{"line":65,"column":22},"end":{"line":65,"column":23}},"loc":{"start":{"line":65,"column":28},"end":{"line":65,"column":181}},"line":65},"11":{"name":"(anonymous_11)","decl":{"start":{"line":66,"column":22},"end":{"line":66,"column":23}},"loc":{"start":{"line":66,"column":40},"end":{"line":68,"column":17}},"line":66},"12":{"name":"(anonymous_12)","decl":{"start":{"line":69,"column":22},"end":{"line":69,"column":23}},"loc":{"start":{"line":69,"column":28},"end":{"line":69,"column":31}},"line":69},"13":{"name":"(anonymous_13)","decl":{"start":{"line":72,"column":50},"end":{"line":72,"column":51}},"loc":{"start":{"line":73,"column":12},"end":{"line":82,"column":18}},"line":73},"14":{"name":"(anonymous_14)","decl":{"start":{"line":74,"column":22},"end":{"line":74,"column":23}},"loc":{"start":{"line":74,"column":28},"end":{"line":76,"column":17}},"line":74},"15":{"name":"(anonymous_15)","decl":{"start":{"line":77,"column":22},"end":{"line":77,"column":23}},"loc":{"start":{"line":77,"column":30},"end":{"line":82,"column":17}},"line":77},"16":{"name":"(anonymous_16)","decl":{"start":{"line":85,"column":34},"end":{"line":85,"column":35}},"loc":{"start":{"line":85,"column":40},"end":{"line":117,"column":9}},"line":85},"17":{"name":"(anonymous_17)","decl":{"start":{"line":87,"column":58},"end":{"line":87,"column":59}},"loc":{"start":{"line":87,"column":64},"end":{"line":100,"column":13}},"line":87},"18":{"name":"(anonymous_18)","decl":{"start":{"line":90,"column":23},"end":{"line":90,"column":24}},"loc":{"start":{"line":90,"column":29},"end":{"line":90,"column":52}},"line":90},"19":{"name":"(anonymous_19)","decl":{"start":{"line":93,"column":23},"end":{"line":93,"column":24}},"loc":{"start":{"line":93,"column":29},"end":{"line":93,"column":52}},"line":93},"20":{"name":"(anonymous_20)","decl":{"start":{"line":96,"column":23},"end":{"line":96,"column":24}},"loc":{"start":{"line":96,"column":29},"end":{"line":96,"column":52}},"line":96},"21":{"name":"(anonymous_21)","decl":{"start":{"line":99,"column":23},"end":{"line":99,"column":24}},"loc":{"start":{"line":99,"column":29},"end":{"line":99,"column":52}},"line":99},"22":{"name":"(anonymous_22)","decl":{"start":{"line":102,"column":53},"end":{"line":102,"column":54}},"loc":{"start":{"line":102,"column":59},"end":{"line":115,"column":13}},"line":102},"23":{"name":"(anonymous_23)","decl":{"start":{"line":105,"column":23},"end":{"line":105,"column":24}},"loc":{"start":{"line":105,"column":29},"end":{"line":105,"column":52}},"line":105},"24":{"name":"(anonymous_24)","decl":{"start":{"line":108,"column":23},"end":{"line":108,"column":24}},"loc":{"start":{"line":108,"column":29},"end":{"line":108,"column":52}},"line":108},"25":{"name":"(anonymous_25)","decl":{"start":{"line":111,"column":23},"end":{"line":111,"column":24}},"loc":{"start":{"line":111,"column":29},"end":{"line":111,"column":52}},"line":111},"26":{"name":"(anonymous_26)","decl":{"start":{"line":114,"column":23},"end":{"line":114,"column":24}},"loc":{"start":{"line":114,"column":29},"end":{"line":114,"column":52}},"line":114},"27":{"name":"(anonymous_27)","decl":{"start":{"line":120,"column":14},"end":{"line":120,"column":15}},"loc":{"start":{"line":120,"column":20},"end":{"line":120,"column":105}},"line":120},"28":{"name":"(anonymous_28)","decl":{"start":{"line":120,"column":77},"end":{"line":120,"column":78}},"loc":{"start":{"line":120,"column":83},"end":{"line":120,"column":104}},"line":120}},"branchMap":{},"s":{"0":1,"1":1,"2":1,"3":1,"4":1,"5":1,"6":1,"7":1,"8":1,"9":1,"10":1,"11":3,"12":3,"13":3,"14":3,"15":3,"16":3,"17":3,"18":3,"19":3,"20":3,"21":3,"22":3,"23":3,"24":3,"25":3,"26":3,"27":3,"28":3,"29":3,"30":3,"31":3,"32":3,"33":3,"34":3,"35":3,"36":3,"37":3,"38":3,"39":3,"40":3,"41":3,"42":3,"43":1,"44":1,"45":3,"46":3,"47":3,"48":3,"49":3,"50":3,"51":3,"52":1,"53":1,"54":1,"55":1,"56":1,"57":1,"58":1,"59":1,"60":1,"61":1,"62":1,"63":1,"64":1,"65":1,"66":1,"67":1,"68":1,"69":1,"70":1,"71":1,"72":1,"73":1,"74":1,"75":1,"76":1,"77":1,"78":1,"79":1,"80":1,"81":1,"82":1,"83":1,"84":1,"85":1,"86":1,"87":1,"88":1,"89":1,"90":1},"f":{"0":1,"1":1,"2":1,"3":1,"4":3,"5":1,"6":3,"7":3,"8":3,"9":3,"10":3,"11":3,"12":3,"13":1,"14":1,"15":1,"16":1,"17":1,"18":1,"19":1,"20":1,"21":1,"22":1,"23":1,"24":1,"25":1,"26":1,"27":1,"28":1},"b":{},"_coverageSchema":"1a1c01bbd47fc00a2c39e90264f33305004495a9","hash":"5bd661a6b3b463b8902917faa4006a7d0c966dd3","contentHash":"fdf35c76b813c663b73753a041708feae4b0a1177fed325bf7e5edc10153aa35"},"/Users/federicolacabaratz/bootcamp/collab/skylab-bootcamp-202001/staff/federico-lacabaratz/share-my-spot/share-my-spot-api/logic/book-spot.js":{"path":"/Users/federicolacabaratz/bootcamp/collab/skylab-bootcamp-202001/staff/federico-lacabaratz/share-my-spot/share-my-spot-api/logic/book-spot.js","statementMap":{"0":{"start":{"line":1,"column":21},"end":{"line":1,"column":57}},"1":{"start":{"line":2,"column":35},"end":{"line":2,"column":70}},"2":{"start":{"line":3,"column":41},"end":{"line":3,"column":78}},"3":{"start":{"line":17,"column":0},"end":{"line":39,"column":1}},"4":{"start":{"line":18,"column":4},"end":{"line":18,"column":47}},"5":{"start":{"line":19,"column":4},"end":{"line":19,"column":37}},"6":{"start":{"line":21,"column":4},"end":{"line":38,"column":8}},"7":{"start":{"line":22,"column":21},"end":{"line":22,"column":53}},"8":{"start":{"line":23,"column":8},"end":{"line":23,"column":96}},"9":{"start":{"line":23,"column":19},"end":{"line":23,"column":96}},"10":{"start":{"line":25,"column":21},"end":{"line":25,"column":48}},"11":{"start":{"line":26,"column":8},"end":{"line":26,"column":78}},"12":{"start":{"line":26,"column":19},"end":{"line":26,"column":78}},"13":{"start":{"line":28,"column":8},"end":{"line":28,"column":94}},"14":{"start":{"line":28,"column":40},"end":{"line":28,"column":94}},"15":{"start":{"line":30,"column":39},"end":{"line":30,"column":103}},"16":{"start":{"line":30,"column":73},"end":{"line":30,"column":102}},"17":{"start":{"line":32,"column":8},"end":{"line":32,"column":136}},"18":{"start":{"line":32,"column":36},"end":{"line":32,"column":136}},"19":{"start":{"line":34,"column":8},"end":{"line":34,"column":48}},"20":{"start":{"line":36,"column":8},"end":{"line":37,"column":28}}},"fnMap":{"0":{"name":"(anonymous_0)","decl":{"start":{"line":17,"column":17},"end":{"line":17,"column":18}},"loc":{"start":{"line":17,"column":42},"end":{"line":39,"column":1}},"line":17},"1":{"name":"(anonymous_1)","decl":{"start":{"line":21,"column":12},"end":{"line":21,"column":13}},"loc":{"start":{"line":21,"column":24},"end":{"line":38,"column":5}},"line":21},"2":{"name":"(anonymous_2)","decl":{"start":{"line":30,"column":67},"end":{"line":30,"column":68}},"loc":{"start":{"line":30,"column":73},"end":{"line":30,"column":102}},"line":30},"3":{"name":"(anonymous_3)","decl":{"start":{"line":37,"column":18},"end":{"line":37,"column":19}},"loc":{"start":{"line":37,"column":24},"end":{"line":37,"column":27}},"line":37}},"branchMap":{"0":{"loc":{"start":{"line":23,"column":8},"end":{"line":23,"column":96}},"type":"if","locations":[{"start":{"line":23,"column":8},"end":{"line":23,"column":96}},{"start":{"line":23,"column":8},"end":{"line":23,"column":96}}],"line":23},"1":{"loc":{"start":{"line":26,"column":8},"end":{"line":26,"column":78}},"type":"if","locations":[{"start":{"line":26,"column":8},"end":{"line":26,"column":78}},{"start":{"line":26,"column":8},"end":{"line":26,"column":78}}],"line":26},"2":{"loc":{"start":{"line":28,"column":8},"end":{"line":28,"column":94}},"type":"if","locations":[{"start":{"line":28,"column":8},"end":{"line":28,"column":94}},{"start":{"line":28,"column":8},"end":{"line":28,"column":94}}],"line":28},"3":{"loc":{"start":{"line":32,"column":8},"end":{"line":32,"column":136}},"type":"if","locations":[{"start":{"line":32,"column":8},"end":{"line":32,"column":136}},{"start":{"line":32,"column":8},"end":{"line":32,"column":136}}],"line":32}},"s":{"0":1,"1":1,"2":1,"3":1,"4":9,"5":5,"6":1,"7":1,"8":1,"9":0,"10":1,"11":1,"12":0,"13":1,"14":0,"15":1,"16":0,"17":1,"18":0,"19":1,"20":1},"f":{"0":9,"1":1,"2":0,"3":1},"b":{"0":[0,1],"1":[0,1],"2":[0,1],"3":[0,1]},"_coverageSchema":"1a1c01bbd47fc00a2c39e90264f33305004495a9","hash":"8eb6f91e1046e4d37fcacaddacd251b701412090","contentHash":"c0d723cd4efa2f7b1f11c17ef1f40475221fef985b06aec5bacf989e9a417fce"},"/Users/federicolacabaratz/bootcamp/collab/skylab-bootcamp-202001/staff/federico-lacabaratz/share-my-spot/share-my-spot-api/logic/create-spot.spec.js":{"path":"/Users/federicolacabaratz/bootcamp/collab/skylab-bootcamp-202001/staff/federico-lacabaratz/share-my-spot/share-my-spot-api/logic/create-spot.spec.js","statementMap":{"0":{"start":{"line":1,"column":0},"end":{"line":1,"column":26}},"1":{"start":{"line":2,"column":19},"end":{"line":2,"column":34}},"2":{"start":{"line":3,"column":19},"end":{"line":3,"column":23}},"3":{"start":{"line":4,"column":45},"end":{"line":4,"column":74}},"4":{"start":{"line":5,"column":19},"end":{"line":5,"column":43}},"5":{"start":{"line":6,"column":11},"end":{"line":6,"column":26}},"6":{"start":{"line":7,"column":0},"end":{"line":7,"column":28}},"7":{"start":{"line":8,"column":13},"end":{"line":8,"column":28}},"8":{"start":{"line":9,"column":25},"end":{"line":9,"column":56}},"9":{"start":{"line":10,"column":15},"end":{"line":10,"column":34}},"10":{"start":{"line":12,"column":38},"end":{"line":12,"column":45}},"11":{"start":{"line":14,"column":0},"end":{"line":160,"column":2}},"12":{"start":{"line":16,"column":4},"end":{"line":19,"column":5}},"13":{"start":{"line":17,"column":8},"end":{"line":18,"column":76}},"14":{"start":{"line":18,"column":24},"end":{"line":18,"column":75}},"15":{"start":{"line":23,"column":4},"end":{"line":52,"column":6}},"16":{"start":{"line":24,"column":8},"end":{"line":24,"column":33}},"17":{"start":{"line":25,"column":8},"end":{"line":25,"column":39}},"18":{"start":{"line":26,"column":8},"end":{"line":26,"column":44}},"19":{"start":{"line":27,"column":8},"end":{"line":27,"column":38}},"20":{"start":{"line":28,"column":8},"end":{"line":28,"column":41}},"21":{"start":{"line":30,"column":8},"end":{"line":30,"column":35}},"22":{"start":{"line":31,"column":8},"end":{"line":31,"column":55}},"23":{"start":{"line":32,"column":8},"end":{"line":32,"column":55}},"24":{"start":{"line":33,"column":8},"end":{"line":33,"column":49}},"25":{"start":{"line":34,"column":8},"end":{"line":34,"column":20}},"26":{"start":{"line":35,"column":8},"end":{"line":35,"column":20}},"27":{"start":{"line":36,"column":8},"end":{"line":36,"column":20}},"28":{"start":{"line":37,"column":8},"end":{"line":37,"column":17}},"29":{"start":{"line":38,"column":8},"end":{"line":38,"column":47}},"30":{"start":{"line":39,"column":8},"end":{"line":39,"column":17}},"31":{"start":{"line":40,"column":8},"end":{"line":40,"column":29}},"32":{"start":{"line":41,"column":8},"end":{"line":41,"column":28}},"33":{"start":{"line":42,"column":8},"end":{"line":42,"column":25}},"34":{"start":{"line":43,"column":8},"end":{"line":43,"column":27}},"35":{"start":{"line":44,"column":8},"end":{"line":44,"column":26}},"36":{"start":{"line":45,"column":8},"end":{"line":45,"column":19}},"37":{"start":{"line":46,"column":8},"end":{"line":46,"column":19}},"38":{"start":{"line":47,"column":8},"end":{"line":47,"column":19}},"39":{"start":{"line":48,"column":8},"end":{"line":48,"column":19}},"40":{"start":{"line":49,"column":8},"end":{"line":49,"column":19}},"41":{"start":{"line":50,"column":8},"end":{"line":50,"column":19}},"42":{"start":{"line":51,"column":8},"end":{"line":51,"column":19}},"43":{"start":{"line":54,"column":4},"end":{"line":114,"column":6}},"44":{"start":{"line":56,"column":8},"end":{"line":62,"column":9}},"45":{"start":{"line":57,"column":12},"end":{"line":61,"column":44}},"46":{"start":{"line":59,"column":20},"end":{"line":59,"column":74}},"47":{"start":{"line":61,"column":30},"end":{"line":61,"column":43}},"48":{"start":{"line":64,"column":8},"end":{"line":113,"column":9}},"49":{"start":{"line":65,"column":12},"end":{"line":112,"column":18}},"50":{"start":{"line":67,"column":20},"end":{"line":70,"column":22}},"51":{"start":{"line":74,"column":20},"end":{"line":74,"column":94}},"52":{"start":{"line":75,"column":20},"end":{"line":75,"column":91}},"53":{"start":{"line":76,"column":20},"end":{"line":76,"column":82}},"54":{"start":{"line":77,"column":20},"end":{"line":77,"column":64}},"55":{"start":{"line":78,"column":20},"end":{"line":78,"column":64}},"56":{"start":{"line":79,"column":20},"end":{"line":79,"column":64}},"57":{"start":{"line":80,"column":20},"end":{"line":80,"column":64}},"58":{"start":{"line":81,"column":20},"end":{"line":81,"column":64}},"59":{"start":{"line":82,"column":20},"end":{"line":82,"column":64}},"60":{"start":{"line":83,"column":20},"end":{"line":83,"column":64}},"61":{"start":{"line":85,"column":20},"end":{"line":85,"column":41}},"62":{"start":{"line":86,"column":20},"end":{"line":86,"column":68}},"63":{"start":{"line":87,"column":20},"end":{"line":87,"column":41}},"64":{"start":{"line":88,"column":20},"end":{"line":88,"column":54}},"65":{"start":{"line":89,"column":20},"end":{"line":89,"column":74}},"66":{"start":{"line":90,"column":20},"end":{"line":90,"column":74}},"67":{"start":{"line":91,"column":20},"end":{"line":91,"column":68}},"68":{"start":{"line":92,"column":20},"end":{"line":92,"column":56}},"69":{"start":{"line":93,"column":20},"end":{"line":93,"column":54}},"70":{"start":{"line":94,"column":20},"end":{"line":94,"column":56}},"71":{"start":{"line":95,"column":20},"end":{"line":95,"column":52}},"72":{"start":{"line":96,"column":20},"end":{"line":96,"column":66}},"73":{"start":{"line":97,"column":20},"end":{"line":97,"column":54}},"74":{"start":{"line":98,"column":20},"end":{"line":98,"column":70}},"75":{"start":{"line":99,"column":20},"end":{"line":99,"column":68}},"76":{"start":{"line":100,"column":20},"end":{"line":100,"column":62}},"77":{"start":{"line":101,"column":20},"end":{"line":101,"column":64}},"78":{"start":{"line":102,"column":20},"end":{"line":102,"column":60}},"79":{"start":{"line":103,"column":20},"end":{"line":103,"column":50}},"80":{"start":{"line":104,"column":20},"end":{"line":104,"column":50}},"81":{"start":{"line":105,"column":20},"end":{"line":105,"column":50}},"82":{"start":{"line":106,"column":20},"end":{"line":106,"column":50}},"83":{"start":{"line":107,"column":20},"end":{"line":107,"column":50}},"84":{"start":{"line":108,"column":20},"end":{"line":108,"column":50}},"85":{"start":{"line":109,"column":20},"end":{"line":109,"column":50}},"86":{"start":{"line":110,"column":20},"end":{"line":110,"column":69}},"87":{"start":{"line":111,"column":20},"end":{"line":111,"column":97}},"88":{"start":{"line":116,"column":4},"end":{"line":157,"column":6}},"89":{"start":{"line":118,"column":8},"end":{"line":118,"column":83}},"90":{"start":{"line":118,"column":21},"end":{"line":118,"column":41}},"91":{"start":{"line":119,"column":8},"end":{"line":119,"column":89}},"92":{"start":{"line":119,"column":21},"end":{"line":119,"column":44}},"93":{"start":{"line":120,"column":8},"end":{"line":120,"column":83}},"94":{"start":{"line":120,"column":21},"end":{"line":120,"column":42}},"95":{"start":{"line":121,"column":8},"end":{"line":121,"column":98}},"96":{"start":{"line":121,"column":21},"end":{"line":121,"column":42}},"97":{"start":{"line":122,"column":8},"end":{"line":122,"column":99}},"98":{"start":{"line":122,"column":21},"end":{"line":122,"column":49}},"99":{"start":{"line":124,"column":8},"end":{"line":124,"column":84}},"100":{"start":{"line":124,"column":21},"end":{"line":124,"column":42}},"101":{"start":{"line":125,"column":8},"end":{"line":125,"column":89}},"102":{"start":{"line":125,"column":21},"end":{"line":125,"column":47}},"103":{"start":{"line":127,"column":8},"end":{"line":127,"column":100}},"104":{"start":{"line":127,"column":21},"end":{"line":127,"column":58}},"105":{"start":{"line":128,"column":8},"end":{"line":128,"column":106}},"106":{"start":{"line":128,"column":21},"end":{"line":128,"column":61}},"107":{"start":{"line":129,"column":8},"end":{"line":129,"column":100}},"108":{"start":{"line":129,"column":21},"end":{"line":129,"column":59}},"109":{"start":{"line":130,"column":8},"end":{"line":130,"column":115}},"110":{"start":{"line":130,"column":21},"end":{"line":130,"column":59}},"111":{"start":{"line":131,"column":8},"end":{"line":131,"column":116}},"112":{"start":{"line":131,"column":21},"end":{"line":131,"column":66}},"113":{"start":{"line":132,"column":8},"end":{"line":132,"column":106}},"114":{"start":{"line":132,"column":21},"end":{"line":132,"column":61}},"115":{"start":{"line":134,"column":8},"end":{"line":134,"column":111}},"116":{"start":{"line":134,"column":21},"end":{"line":134,"column":59}},"117":{"start":{"line":135,"column":8},"end":{"line":135,"column":116}},"118":{"start":{"line":135,"column":21},"end":{"line":135,"column":64}},"119":{"start":{"line":137,"column":8},"end":{"line":137,"column":117}},"120":{"start":{"line":137,"column":21},"end":{"line":137,"column":75}},"121":{"start":{"line":138,"column":8},"end":{"line":138,"column":123}},"122":{"start":{"line":138,"column":21},"end":{"line":138,"column":78}},"123":{"start":{"line":139,"column":8},"end":{"line":139,"column":117}},"124":{"start":{"line":139,"column":21},"end":{"line":139,"column":76}},"125":{"start":{"line":140,"column":8},"end":{"line":140,"column":132}},"126":{"start":{"line":140,"column":21},"end":{"line":140,"column":76}},"127":{"start":{"line":141,"column":8},"end":{"line":141,"column":133}},"128":{"start":{"line":141,"column":21},"end":{"line":141,"column":83}},"129":{"start":{"line":142,"column":8},"end":{"line":142,"column":123}},"130":{"start":{"line":142,"column":21},"end":{"line":142,"column":78}},"131":{"start":{"line":144,"column":8},"end":{"line":144,"column":128}},"132":{"start":{"line":144,"column":21},"end":{"line":144,"column":76}},"133":{"start":{"line":145,"column":8},"end":{"line":145,"column":133}},"134":{"start":{"line":145,"column":21},"end":{"line":145,"column":81}},"135":{"start":{"line":147,"column":8},"end":{"line":147,"column":131}},"136":{"start":{"line":147,"column":21},"end":{"line":147,"column":89}},"137":{"start":{"line":148,"column":8},"end":{"line":148,"column":137}},"138":{"start":{"line":148,"column":21},"end":{"line":148,"column":92}},"139":{"start":{"line":149,"column":8},"end":{"line":149,"column":131}},"140":{"start":{"line":149,"column":21},"end":{"line":149,"column":90}},"141":{"start":{"line":150,"column":8},"end":{"line":150,"column":146}},"142":{"start":{"line":150,"column":21},"end":{"line":150,"column":90}},"143":{"start":{"line":151,"column":8},"end":{"line":151,"column":147}},"144":{"start":{"line":151,"column":21},"end":{"line":151,"column":97}},"145":{"start":{"line":152,"column":8},"end":{"line":152,"column":137}},"146":{"start":{"line":152,"column":21},"end":{"line":152,"column":92}},"147":{"start":{"line":154,"column":8},"end":{"line":154,"column":139}},"148":{"start":{"line":154,"column":21},"end":{"line":154,"column":90}},"149":{"start":{"line":155,"column":8},"end":{"line":155,"column":144}},"150":{"start":{"line":155,"column":21},"end":{"line":155,"column":95}},"151":{"start":{"line":159,"column":4},"end":{"line":159,"column":102}},"152":{"start":{"line":159,"column":16},"end":{"line":159,"column":101}},"153":{"start":{"line":159,"column":79},"end":{"line":159,"column":100}}},"fnMap":{"0":{"name":"(anonymous_0)","decl":{"start":{"line":14,"column":23},"end":{"line":14,"column":24}},"loc":{"start":{"line":14,"column":29},"end":{"line":160,"column":1}},"line":14},"1":{"name":"(anonymous_1)","decl":{"start":{"line":16,"column":11},"end":{"line":16,"column":12}},"loc":{"start":{"line":17,"column":8},"end":{"line":18,"column":76}},"line":17},"2":{"name":"(anonymous_2)","decl":{"start":{"line":18,"column":18},"end":{"line":18,"column":19}},"loc":{"start":{"line":18,"column":24},"end":{"line":18,"column":75}},"line":18},"3":{"name":"(anonymous_3)","decl":{"start":{"line":23,"column":15},"end":{"line":23,"column":16}},"loc":{"start":{"line":23,"column":21},"end":{"line":52,"column":5}},"line":23},"4":{"name":"(anonymous_4)","decl":{"start":{"line":54,"column":41},"end":{"line":54,"column":42}},"loc":{"start":{"line":54,"column":47},"end":{"line":114,"column":5}},"line":54},"5":{"name":"(anonymous_5)","decl":{"start":{"line":56,"column":19},"end":{"line":56,"column":20}},"loc":{"start":{"line":57,"column":12},"end":{"line":61,"column":44}},"line":57},"6":{"name":"(anonymous_6)","decl":{"start":{"line":58,"column":22},"end":{"line":58,"column":23}},"loc":{"start":{"line":59,"column":20},"end":{"line":59,"column":74}},"line":59},"7":{"name":"(anonymous_7)","decl":{"start":{"line":61,"column":22},"end":{"line":61,"column":23}},"loc":{"start":{"line":61,"column":30},"end":{"line":61,"column":43}},"line":61},"8":{"name":"(anonymous_8)","decl":{"start":{"line":64,"column":45},"end":{"line":64,"column":46}},"loc":{"start":{"line":65,"column":12},"end":{"line":112,"column":18}},"line":65},"9":{"name":"(anonymous_9)","decl":{"start":{"line":66,"column":22},"end":{"line":66,"column":23}},"loc":{"start":{"line":67,"column":20},"end":{"line":70,"column":22}},"line":67},"10":{"name":"(anonymous_10)","decl":{"start":{"line":72,"column":22},"end":{"line":72,"column":23}},"loc":{"start":{"line":72,"column":40},"end":{"line":112,"column":17}},"line":72},"11":{"name":"(anonymous_11)","decl":{"start":{"line":116,"column":75},"end":{"line":116,"column":76}},"loc":{"start":{"line":116,"column":81},"end":{"line":157,"column":5}},"line":116},"12":{"name":"(anonymous_12)","decl":{"start":{"line":118,"column":15},"end":{"line":118,"column":16}},"loc":{"start":{"line":118,"column":21},"end":{"line":118,"column":41}},"line":118},"13":{"name":"(anonymous_13)","decl":{"start":{"line":119,"column":15},"end":{"line":119,"column":16}},"loc":{"start":{"line":119,"column":21},"end":{"line":119,"column":44}},"line":119},"14":{"name":"(anonymous_14)","decl":{"start":{"line":120,"column":15},"end":{"line":120,"column":16}},"loc":{"start":{"line":120,"column":21},"end":{"line":120,"column":42}},"line":120},"15":{"name":"(anonymous_15)","decl":{"start":{"line":121,"column":15},"end":{"line":121,"column":16}},"loc":{"start":{"line":121,"column":21},"end":{"line":121,"column":42}},"line":121},"16":{"name":"(anonymous_16)","decl":{"start":{"line":122,"column":15},"end":{"line":122,"column":16}},"loc":{"start":{"line":122,"column":21},"end":{"line":122,"column":49}},"line":122},"17":{"name":"(anonymous_17)","decl":{"start":{"line":124,"column":15},"end":{"line":124,"column":16}},"loc":{"start":{"line":124,"column":21},"end":{"line":124,"column":42}},"line":124},"18":{"name":"(anonymous_18)","decl":{"start":{"line":125,"column":15},"end":{"line":125,"column":16}},"loc":{"start":{"line":125,"column":21},"end":{"line":125,"column":47}},"line":125},"19":{"name":"(anonymous_19)","decl":{"start":{"line":127,"column":15},"end":{"line":127,"column":16}},"loc":{"start":{"line":127,"column":21},"end":{"line":127,"column":58}},"line":127},"20":{"name":"(anonymous_20)","decl":{"start":{"line":128,"column":15},"end":{"line":128,"column":16}},"loc":{"start":{"line":128,"column":21},"end":{"line":128,"column":61}},"line":128},"21":{"name":"(anonymous_21)","decl":{"start":{"line":129,"column":15},"end":{"line":129,"column":16}},"loc":{"start":{"line":129,"column":21},"end":{"line":129,"column":59}},"line":129},"22":{"name":"(anonymous_22)","decl":{"start":{"line":130,"column":15},"end":{"line":130,"column":16}},"loc":{"start":{"line":130,"column":21},"end":{"line":130,"column":59}},"line":130},"23":{"name":"(anonymous_23)","decl":{"start":{"line":131,"column":15},"end":{"line":131,"column":16}},"loc":{"start":{"line":131,"column":21},"end":{"line":131,"column":66}},"line":131},"24":{"name":"(anonymous_24)","decl":{"start":{"line":132,"column":15},"end":{"line":132,"column":16}},"loc":{"start":{"line":132,"column":21},"end":{"line":132,"column":61}},"line":132},"25":{"name":"(anonymous_25)","decl":{"start":{"line":134,"column":15},"end":{"line":134,"column":16}},"loc":{"start":{"line":134,"column":21},"end":{"line":134,"column":59}},"line":134},"26":{"name":"(anonymous_26)","decl":{"start":{"line":135,"column":15},"end":{"line":135,"column":16}},"loc":{"start":{"line":135,"column":21},"end":{"line":135,"column":64}},"line":135},"27":{"name":"(anonymous_27)","decl":{"start":{"line":137,"column":15},"end":{"line":137,"column":16}},"loc":{"start":{"line":137,"column":21},"end":{"line":137,"column":75}},"line":137},"28":{"name":"(anonymous_28)","decl":{"start":{"line":138,"column":15},"end":{"line":138,"column":16}},"loc":{"start":{"line":138,"column":21},"end":{"line":138,"column":78}},"line":138},"29":{"name":"(anonymous_29)","decl":{"start":{"line":139,"column":15},"end":{"line":139,"column":16}},"loc":{"start":{"line":139,"column":21},"end":{"line":139,"column":76}},"line":139},"30":{"name":"(anonymous_30)","decl":{"start":{"line":140,"column":15},"end":{"line":140,"column":16}},"loc":{"start":{"line":140,"column":21},"end":{"line":140,"column":76}},"line":140},"31":{"name":"(anonymous_31)","decl":{"start":{"line":141,"column":15},"end":{"line":141,"column":16}},"loc":{"start":{"line":141,"column":21},"end":{"line":141,"column":83}},"line":141},"32":{"name":"(anonymous_32)","decl":{"start":{"line":142,"column":15},"end":{"line":142,"column":16}},"loc":{"start":{"line":142,"column":21},"end":{"line":142,"column":78}},"line":142},"33":{"name":"(anonymous_33)","decl":{"start":{"line":144,"column":15},"end":{"line":144,"column":16}},"loc":{"start":{"line":144,"column":21},"end":{"line":144,"column":76}},"line":144},"34":{"name":"(anonymous_34)","decl":{"start":{"line":145,"column":15},"end":{"line":145,"column":16}},"loc":{"start":{"line":145,"column":21},"end":{"line":145,"column":81}},"line":145},"35":{"name":"(anonymous_35)","decl":{"start":{"line":147,"column":15},"end":{"line":147,"column":16}},"loc":{"start":{"line":147,"column":21},"end":{"line":147,"column":89}},"line":147},"36":{"name":"(anonymous_36)","decl":{"start":{"line":148,"column":15},"end":{"line":148,"column":16}},"loc":{"start":{"line":148,"column":21},"end":{"line":148,"column":92}},"line":148},"37":{"name":"(anonymous_37)","decl":{"start":{"line":149,"column":15},"end":{"line":149,"column":16}},"loc":{"start":{"line":149,"column":21},"end":{"line":149,"column":90}},"line":149},"38":{"name":"(anonymous_38)","decl":{"start":{"line":150,"column":15},"end":{"line":150,"column":16}},"loc":{"start":{"line":150,"column":21},"end":{"line":150,"column":90}},"line":150},"39":{"name":"(anonymous_39)","decl":{"start":{"line":151,"column":15},"end":{"line":151,"column":16}},"loc":{"start":{"line":151,"column":21},"end":{"line":151,"column":97}},"line":151},"40":{"name":"(anonymous_40)","decl":{"start":{"line":152,"column":15},"end":{"line":152,"column":16}},"loc":{"start":{"line":152,"column":21},"end":{"line":152,"column":92}},"line":152},"41":{"name":"(anonymous_41)","decl":{"start":{"line":154,"column":15},"end":{"line":154,"column":16}},"loc":{"start":{"line":154,"column":21},"end":{"line":154,"column":90}},"line":154},"42":{"name":"(anonymous_42)","decl":{"start":{"line":155,"column":15},"end":{"line":155,"column":16}},"loc":{"start":{"line":155,"column":21},"end":{"line":155,"column":95}},"line":155},"43":{"name":"(anonymous_43)","decl":{"start":{"line":159,"column":10},"end":{"line":159,"column":11}},"loc":{"start":{"line":159,"column":16},"end":{"line":159,"column":101}},"line":159},"44":{"name":"(anonymous_44)","decl":{"start":{"line":159,"column":73},"end":{"line":159,"column":74}},"loc":{"start":{"line":159,"column":79},"end":{"line":159,"column":100}},"line":159}},"branchMap":{"0":{"loc":{"start":{"line":74,"column":20},"end":{"line":74,"column":94}},"type":"cond-expr","locations":[{"start":{"line":74,"column":50},"end":{"line":74,"column":70}},{"start":{"line":74,"column":73},"end":{"line":74,"column":94}}],"line":74},"1":{"loc":{"start":{"line":75,"column":20},"end":{"line":75,"column":91}},"type":"cond-expr","locations":[{"start":{"line":75,"column":49},"end":{"line":75,"column":68}},{"start":{"line":75,"column":71},"end":{"line":75,"column":91}}],"line":75},"2":{"loc":{"start":{"line":76,"column":20},"end":{"line":76,"column":82}},"type":"cond-expr","locations":[{"start":{"line":76,"column":46},"end":{"line":76,"column":62}},{"start":{"line":76,"column":65},"end":{"line":76,"column":82}}],"line":76},"3":{"loc":{"start":{"line":77,"column":20},"end":{"line":77,"column":64}},"type":"cond-expr","locations":[{"start":{"line":77,"column":40},"end":{"line":77,"column":50}},{"start":{"line":77,"column":53},"end":{"line":77,"column":64}}],"line":77},"4":{"loc":{"start":{"line":78,"column":20},"end":{"line":78,"column":64}},"type":"cond-expr","locations":[{"start":{"line":78,"column":40},"end":{"line":78,"column":50}},{"start":{"line":78,"column":53},"end":{"line":78,"column":64}}],"line":78},"5":{"loc":{"start":{"line":79,"column":20},"end":{"line":79,"column":64}},"type":"cond-expr","locations":[{"start":{"line":79,"column":40},"end":{"line":79,"column":50}},{"start":{"line":79,"column":53},"end":{"line":79,"column":64}}],"line":79},"6":{"loc":{"start":{"line":80,"column":20},"end":{"line":80,"column":64}},"type":"cond-expr","locations":[{"start":{"line":80,"column":40},"end":{"line":80,"column":50}},{"start":{"line":80,"column":53},"end":{"line":80,"column":64}}],"line":80},"7":{"loc":{"start":{"line":81,"column":20},"end":{"line":81,"column":64}},"type":"cond-expr","locations":[{"start":{"line":81,"column":40},"end":{"line":81,"column":50}},{"start":{"line":81,"column":53},"end":{"line":81,"column":64}}],"line":81},"8":{"loc":{"start":{"line":82,"column":20},"end":{"line":82,"column":64}},"type":"cond-expr","locations":[{"start":{"line":82,"column":40},"end":{"line":82,"column":50}},{"start":{"line":82,"column":53},"end":{"line":82,"column":64}}],"line":82},"9":{"loc":{"start":{"line":83,"column":20},"end":{"line":83,"column":64}},"type":"cond-expr","locations":[{"start":{"line":83,"column":40},"end":{"line":83,"column":50}},{"start":{"line":83,"column":53},"end":{"line":83,"column":64}}],"line":83}},"s":{"0":1,"1":1,"2":1,"3":1,"4":1,"5":1,"6":1,"7":1,"8":1,"9":1,"10":1,"11":1,"12":1,"13":1,"14":1,"15":1,"16":2,"17":2,"18":2,"19":2,"20":2,"21":2,"22":2,"23":2,"24":2,"25":2,"26":2,"27":2,"28":2,"29":2,"30":2,"31":2,"32":2,"33":2,"34":2,"35":2,"36":2,"37":2,"38":2,"39":2,"40":2,"41":2,"42":2,"43":1,"44":1,"45":1,"46":1,"47":1,"48":1,"49":1,"50":1,"51":1,"52":1,"53":1,"54":1,"55":1,"56":1,"57":1,"58":1,"59":1,"60":1,"61":1,"62":1,"63":1,"64":1,"65":1,"66":1,"67":1,"68":1,"69":1,"70":1,"71":1,"72":1,"73":1,"74":1,"75":1,"76":1,"77":1,"78":1,"79":1,"80":1,"81":1,"82":1,"83":1,"84":1,"85":1,"86":1,"87":1,"88":1,"89":1,"90":1,"91":1,"92":1,"93":1,"94":1,"95":1,"96":1,"97":1,"98":1,"99":1,"100":1,"101":1,"102":1,"103":1,"104":1,"105":1,"106":1,"107":1,"108":1,"109":1,"110":1,"111":1,"112":1,"113":1,"114":1,"115":1,"116":1,"117":1,"118":1,"119":1,"120":1,"121":1,"122":1,"123":1,"124":1,"125":1,"126":1,"127":1,"128":1,"129":1,"130":1,"131":1,"132":1,"133":1,"134":1,"135":1,"136":1,"137":1,"138":1,"139":1,"140":1,"141":1,"142":1,"143":1,"144":1,"145":1,"146":1,"147":1,"148":1,"149":1,"150":1,"151":1,"152":1,"153":1},"f":{"0":1,"1":1,"2":1,"3":2,"4":1,"5":1,"6":1,"7":1,"8":1,"9":1,"10":1,"11":1,"12":1,"13":1,"14":1,"15":1,"16":1,"17":1,"18":1,"19":1,"20":1,"21":1,"22":1,"23":1,"24":1,"25":1,"26":1,"27":1,"28":1,"29":1,"30":1,"31":1,"32":1,"33":1,"34":1,"35":1,"36":1,"37":1,"38":1,"39":1,"40":1,"41":1,"42":1,"43":1,"44":1},"b":{"0":[1,0],"1":[0,1],"2":[1,0],"3":[1,0],"4":[1,0],"5":[1,0],"6":[1,0],"7":[1,0],"8":[0,1],"9":[0,1]},"_coverageSchema":"1a1c01bbd47fc00a2c39e90264f33305004495a9","hash":"f6209bcbfea0fd339caa56debf49ad2f60b10142","contentHash":"f2ad5363329989c1ad1f468d7e3d4f6b08041f28692c5b3dad9ba12a16da1b1d"},"/Users/federicolacabaratz/bootcamp/collab/skylab-bootcamp-202001/staff/federico-lacabaratz/share-my-spot/share-my-spot-api/logic/create-spot.js":{"path":"/Users/federicolacabaratz/bootcamp/collab/skylab-bootcamp-202001/staff/federico-lacabaratz/share-my-spot/share-my-spot-api/logic/create-spot.js","statementMap":{"0":{"start":{"line":1,"column":21},"end":{"line":1,"column":51}},"1":{"start":{"line":2,"column":35},"end":{"line":2,"column":64}},"2":{"start":{"line":3,"column":11},"end":{"line":3,"column":33}},"3":{"start":{"line":4,"column":13},"end":{"line":4,"column":28}},"4":{"start":{"line":5,"column":26},"end":{"line":5,"column":57}},"5":{"start":{"line":39,"column":17},"end":{"line":39,"column":54}},"6":{"start":{"line":41,"column":0},"end":{"line":119,"column":1}},"7":{"start":{"line":42,"column":4},"end":{"line":42,"column":47}},"8":{"start":{"line":43,"column":4},"end":{"line":43,"column":35}},"9":{"start":{"line":44,"column":4},"end":{"line":44,"column":55}},"10":{"start":{"line":45,"column":4},"end":{"line":45,"column":55}},"11":{"start":{"line":46,"column":4},"end":{"line":46,"column":49}},"12":{"start":{"line":47,"column":4},"end":{"line":47,"column":43}},"13":{"start":{"line":48,"column":4},"end":{"line":48,"column":41}},"14":{"start":{"line":49,"column":4},"end":{"line":49,"column":43}},"15":{"start":{"line":50,"column":4},"end":{"line":50,"column":39}},"16":{"start":{"line":51,"column":4},"end":{"line":51,"column":47}},"17":{"start":{"line":52,"column":4},"end":{"line":52,"column":41}},"18":{"start":{"line":54,"column":4},"end":{"line":57,"column":5}},"19":{"start":{"line":55,"column":8},"end":{"line":55,"column":78}},"20":{"start":{"line":56,"column":8},"end":{"line":56,"column":62}},"21":{"start":{"line":59,"column":4},"end":{"line":62,"column":5}},"22":{"start":{"line":60,"column":8},"end":{"line":60,"column":75}},"23":{"start":{"line":61,"column":8},"end":{"line":61,"column":60}},"24":{"start":{"line":64,"column":4},"end":{"line":67,"column":5}},"25":{"start":{"line":65,"column":8},"end":{"line":65,"column":66}},"26":{"start":{"line":66,"column":8},"end":{"line":66,"column":54}},"27":{"start":{"line":69,"column":4},"end":{"line":69,"column":45}},"28":{"start":{"line":70,"column":4},"end":{"line":70,"column":41}},"29":{"start":{"line":72,"column":4},"end":{"line":75,"column":5}},"30":{"start":{"line":73,"column":8},"end":{"line":73,"column":48}},"31":{"start":{"line":74,"column":8},"end":{"line":74,"column":42}},"32":{"start":{"line":77,"column":4},"end":{"line":80,"column":5}},"33":{"start":{"line":78,"column":8},"end":{"line":78,"column":48}},"34":{"start":{"line":79,"column":8},"end":{"line":79,"column":42}},"35":{"start":{"line":82,"column":4},"end":{"line":85,"column":5}},"36":{"start":{"line":83,"column":8},"end":{"line":83,"column":48}},"37":{"start":{"line":84,"column":8},"end":{"line":84,"column":42}},"38":{"start":{"line":87,"column":4},"end":{"line":90,"column":5}},"39":{"start":{"line":88,"column":8},"end":{"line":88,"column":48}},"40":{"start":{"line":89,"column":8},"end":{"line":89,"column":42}},"41":{"start":{"line":92,"column":4},"end":{"line":95,"column":5}},"42":{"start":{"line":93,"column":8},"end":{"line":93,"column":48}},"43":{"start":{"line":94,"column":8},"end":{"line":94,"column":42}},"44":{"start":{"line":97,"column":4},"end":{"line":100,"column":5}},"45":{"start":{"line":98,"column":8},"end":{"line":98,"column":48}},"46":{"start":{"line":99,"column":8},"end":{"line":99,"column":42}},"47":{"start":{"line":102,"column":4},"end":{"line":105,"column":5}},"48":{"start":{"line":103,"column":8},"end":{"line":103,"column":48}},"49":{"start":{"line":104,"column":8},"end":{"line":104,"column":42}},"50":{"start":{"line":107,"column":4},"end":{"line":118,"column":10}},"51":{"start":{"line":109,"column":12},"end":{"line":109,"column":92}},"52":{"start":{"line":109,"column":23},"end":{"line":109,"column":92}},"53":{"start":{"line":111,"column":25},"end":{"line":111,"column":270}},"54":{"start":{"line":113,"column":12},"end":{"line":113,"column":45}},"55":{"start":{"line":115,"column":12},"end":{"line":117,"column":36}},"56":{"start":{"line":116,"column":28},"end":{"line":116,"column":66}},"57":{"start":{"line":117,"column":28},"end":{"line":117,"column":35}}},"fnMap":{"0":{"name":"(anonymous_0)","decl":{"start":{"line":41,"column":17},"end":{"line":41,"column":18}},"loc":{"start":{"line":41,"column":235},"end":{"line":119,"column":1}},"line":41},"1":{"name":"(anonymous_1)","decl":{"start":{"line":108,"column":14},"end":{"line":108,"column":15}},"loc":{"start":{"line":108,"column":22},"end":{"line":118,"column":9}},"line":108},"2":{"name":"(anonymous_2)","decl":{"start":{"line":116,"column":22},"end":{"line":116,"column":23}},"loc":{"start":{"line":116,"column":28},"end":{"line":116,"column":66}},"line":116},"3":{"name":"(anonymous_3)","decl":{"start":{"line":117,"column":22},"end":{"line":117,"column":23}},"loc":{"start":{"line":117,"column":28},"end":{"line":117,"column":35}},"line":117}},"branchMap":{"0":{"loc":{"start":{"line":54,"column":4},"end":{"line":57,"column":5}},"type":"if","loca
[...]
mn":57}},"line":125},"27":{"name":"(anonymous_27)","decl":{"start":{"line":129,"column":10},"end":{"line":129,"column":11}},"loc":{"start":{"line":129,"column":16},"end":{"line":129,"column":101}},"line":129},"28":{"name":"(anonymous_28)","decl":{"start":{"line":129,"column":73},"end":{"line":129,"column":74}},"loc":{"start":{"line":129,"column":79},"end":{"line":129,"column":100}},"line":129}},"branchMap":{},"s":{"0":1,"1":1,"2":1,"3":1,"4":1,"5":1,"6":1,"7":1,"8":1,"9":1,"10":1,"11":4,"12":4,"13":4,"14":4,"15":4,"16":4,"17":4,"18":4,"19":4,"20":4,"21":4,"22":4,"23":4,"24":4,"25":4,"26":4,"27":4,"28":4,"29":4,"30":4,"31":4,"32":4,"33":4,"34":4,"35":4,"36":4,"37":4,"38":1,"39":1,"40":2,"41":2,"42":2,"43":2,"44":2,"45":1,"46":1,"47":1,"48":0,"49":0,"50":0,"51":0,"52":1,"53":1,"54":1,"55":1,"56":0,"57":1,"58":1,"59":1,"60":1,"61":1,"62":1,"63":1,"64":1,"65":1,"66":1,"67":1,"68":1,"69":1,"70":1,"71":1,"72":1,"73":1,"74":1,"75":1,"76":1,"77":1,"78":1,"79":1,"80":1,"81":1,"82":1,"83":1,"84":1,"85":1,"86":1,"87":1,"88":1,"89":1,"90":1},"f":{"0":1,"1":1,"2":1,"3":4,"4":1,"5":2,"6":2,"7":2,"8":1,"9":1,"10":0,"11":0,"12":0,"13":1,"14":0,"15":1,"16":1,"17":1,"18":1,"19":1,"20":1,"21":1,"22":1,"23":1,"24":1,"25":1,"26":1,"27":1,"28":1},"b":{},"_coverageSchema":"1a1c01bbd47fc00a2c39e90264f33305004495a9","hash":"00887f58afabf4408e73b664f031fd9b8b7c924f","contentHash":"bed42e42daa5b5ec927346f09882c143e4a647b31288f910ba688d198274fdec"},"/Users/federicolacabaratz/bootcamp/collab/skylab-bootcamp-202001/staff/federico-lacabaratz/share-my-spot/share-my-spot-api/logic/update-spot.js":{"path":"/Users/federicolacabaratz/bootcamp/collab/skylab-bootcamp-202001/staff/federico-lacabaratz/share-my-spot/share-my-spot-api/logic/update-spot.js","statementMap":{"0":{"start":{"line":1,"column":21},"end":{"line":1,"column":51}},"1":{"start":{"line":2,"column":35},"end":{"line":2,"column":64}},"2":{"start":{"line":3,"column":26},"end":{"line":3,"column":57}},"3":{"start":{"line":16,"column":0},"end":{"line":39,"column":1}},"4":{"start":{"line":17,"column":4},"end":{"line":17,"column":37}},"5":{"start":{"line":18,"column":4},"end":{"line":18,"column":39}},"6":{"start":{"line":19,"column":4},"end":{"line":19,"column":37}},"7":{"start":{"line":21,"column":4},"end":{"line":37,"column":8}},"8":{"start":{"line":23,"column":21},"end":{"line":23,"column":48}},"9":{"start":{"line":24,"column":8},"end":{"line":24,"column":78}},"10":{"start":{"line":24,"column":19},"end":{"line":24,"column":78}},"11":{"start":{"line":26,"column":8},"end":{"line":26,"column":132}},"12":{"start":{"line":28,"column":21},"end":{"line":28,"column":48}},"13":{"start":{"line":29,"column":8},"end":{"line":29,"column":78}},"14":{"start":{"line":29,"column":19},"end":{"line":29,"column":78}},"15":{"start":{"line":31,"column":8},"end":{"line":31,"column":33}},"16":{"start":{"line":33,"column":8},"end":{"line":33,"column":25}},"17":{"start":{"line":35,"column":8},"end":{"line":35,"column":19}}},"fnMap":{"0":{"name":"(anonymous_0)","decl":{"start":{"line":16,"column":17},"end":{"line":16,"column":18}},"loc":{"start":{"line":16,"column":43},"end":{"line":39,"column":1}},"line":16},"1":{"name":"(anonymous_1)","decl":{"start":{"line":21,"column":12},"end":{"line":21,"column":13}},"loc":{"start":{"line":21,"column":23},"end":{"line":37,"column":5}},"line":21}},"branchMap":{"0":{"loc":{"start":{"line":24,"column":8},"end":{"line":24,"column":78}},"type":"if","locations":[{"start":{"line":24,"column":8},"end":{"line":24,"column":78}},{"start":{"line":24,"column":8},"end":{"line":24,"column":78}}],"line":24},"1":{"loc":{"start":{"line":29,"column":8},"end":{"line":29,"column":78}},"type":"if","locations":[{"start":{"line":29,"column":8},"end":{"line":29,"column":78}},{"start":{"line":29,"column":8},"end":{"line":29,"column":78}}],"line":29}},"s":{"0":1,"1":1,"2":1,"3":1,"4":9,"5":5,"6":5,"7":1,"8":1,"9":1,"10":0,"11":1,"12":0,"13":0,"14":0,"15":0,"16":0,"17":0},"f":{"0":9,"1":1},"b":{"0":[0,1],"1":[0,0]},"_coverageSchema":"1a1c01bbd47fc00a2c39e90264f33305004495a9","hash":"dd0c50eaac51a36f2ed9630ef85fd71f9dc3641a","contentHash":"e29e261224c88d35a947ed7a8406bd99d8c3a446e5f586749b21ed036b3776f1"},"/Users/federicolacabaratz/bootcamp/collab/skylab-bootcamp-202001/staff/federico-lacabaratz/share-my-spot/share-my-spot-api/logic/update-user.spec.js":{"path":"/Users/federicolacabaratz/bootcamp/collab/skylab-bootcamp-202001/staff/federico-lacabaratz/share-my-spot/share-my-spot-api/logic/update-user.spec.js","statementMap":{"0":{"start":{"line":1,"column":0},"end":{"line":1,"column":26}},"1":{"start":{"line":3,"column":19},"end":{"line":3,"column":43}},"2":{"start":{"line":4,"column":38},"end":{"line":4,"column":45}},"3":{"start":{"line":5,"column":39},"end":{"line":5,"column":68}},"4":{"start":{"line":6,"column":28},"end":{"line":6,"column":59}},"5":{"start":{"line":7,"column":19},"end":{"line":7,"column":34}},"6":{"start":{"line":8,"column":19},"end":{"line":8,"column":23}},"7":{"start":{"line":9,"column":15},"end":{"line":9,"column":34}},"8":{"start":{"line":11,"column":0},"end":{"line":95,"column":2}},"9":{"start":{"line":12,"column":4},"end":{"line":15,"column":6}},"10":{"start":{"line":13,"column":8},"end":{"line":13,"column":101}},"11":{"start":{"line":14,"column":8},"end":{"line":14,"column":38}},"12":{"start":{"line":20,"column":4},"end":{"line":26,"column":6}},"13":{"start":{"line":21,"column":8},"end":{"line":21,"column":33}},"14":{"start":{"line":22,"column":8},"end":{"line":22,"column":39}},"15":{"start":{"line":23,"column":8},"end":{"line":23,"column":38}},"16":{"start":{"line":24,"column":8},"end":{"line":24,"column":25}},"17":{"start":{"line":25,"column":8},"end":{"line":25,"column":41}},"18":{"start":{"line":28,"column":4},"end":{"line":74,"column":6}},"19":{"start":{"line":30,"column":8},"end":{"line":34,"column":10}},"20":{"start":{"line":31,"column":30},"end":{"line":31,"column":61}},"21":{"start":{"line":32,"column":25},"end":{"line":32,"column":96}},"22":{"start":{"line":33,"column":12},"end":{"line":33,"column":28}},"23":{"start":{"line":36,"column":8},"end":{"line":54,"column":10}},"24":{"start":{"line":37,"column":12},"end":{"line":37,"column":29}},"25":{"start":{"line":38,"column":12},"end":{"line":38,"column":39}},"26":{"start":{"line":39,"column":12},"end":{"line":39,"column":34}},"27":{"start":{"line":40,"column":12},"end":{"line":40,"column":33}},"28":{"start":{"line":41,"column":12},"end":{"line":41,"column":29}},"29":{"start":{"line":43,"column":12},"end":{"line":43,"column":77}},"30":{"start":{"line":45,"column":26},"end":{"line":45,"column":60}},"31":{"start":{"line":47,"column":12},"end":{"line":47,"column":47}},"32":{"start":{"line":48,"column":12},"end":{"line":48,"column":47}},"33":{"start":{"line":50,"column":34},"end":{"line":50,"column":80}},"34":{"start":{"line":52,"column":12},"end":{"line":52,"column":44}},"35":{"start":{"line":56,"column":8},"end":{"line":72,"column":10}},"36":{"start":{"line":57,"column":12},"end":{"line":57,"column":29}},"37":{"start":{"line":58,"column":12},"end":{"line":58,"column":32}},"38":{"start":{"line":59,"column":12},"end":{"line":59,"column":39}},"39":{"start":{"line":60,"column":12},"end":{"line":60,"column":44}},"40":{"start":{"line":61,"column":12},"end":{"line":61,"column":33}},"41":{"start":{"line":62,"column":12},"end":{"line":62,"column":29}},"42":{"start":{"line":64,"column":12},"end":{"line":70,"column":13}},"43":{"start":{"line":65,"column":16},"end":{"line":65,"column":81}},"44":{"start":{"line":66,"column":16},"end":{"line":66,"column":62}},"45":{"start":{"line":68,"column":16},"end":{"line":68,"column":66}},"46":{"start":{"line":69,"column":16},"end":{"line":69,"column":79}},"47":{"start":{"line":76,"column":4},"end":{"line":91,"column":6}},"48":{"start":{"line":77,"column":8},"end":{"line":77,"column":18}},"49":{"start":{"line":78,"column":8},"end":{"line":80,"column":65}},"50":{"start":{"line":79,"column":12},"end":{"line":79,"column":45}},"51":{"start":{"line":82,"column":8},"end":{"line":82,"column":21}},"52":{"start":{"line":83,"column":8},"end":{"line":85,"column":65}},"53":{"start":{"line":84,"column":12},"end":{"line":84,"column":45}},"54":{"start":{"line":87,"column":8},"end":{"line":87,"column":26}},"55":{"start":{"line":88,"column":8},"end":{"line":90,"column":65}},"56":{"start":{"line":89,"column":12},"end":{"line":89,"column":45}},"57":{"start":{"line":93,"column":4},"end":{"line":93,"column":68}},"58":{"start":{"line":93,"column":16},"end":{"line":93,"column":67}},"59":{"start":{"line":93,"column":45},"end":{"line":93,"column":66}}},"fnMap":{"0":{"name":"(anonymous_0)","decl":{"start":{"line":11,"column":23},"end":{"line":11,"column":24}},"loc":{"start":{"line":11,"column":29},"end":{"line":95,"column":1}},"line":11},"1":{"name":"(anonymous_1)","decl":{"start":{"line":12,"column":11},"end":{"line":12,"column":12}},"loc":{"start":{"line":12,"column":23},"end":{"line":15,"column":5}},"line":12},"2":{"name":"(anonymous_2)","decl":{"start":{"line":20,"column":15},"end":{"line":20,"column":16}},"loc":{"start":{"line":20,"column":21},"end":{"line":26,"column":5}},"line":20},"3":{"name":"(anonymous_3)","decl":{"start":{"line":28,"column":41},"end":{"line":28,"column":42}},"loc":{"start":{"line":28,"column":47},"end":{"line":74,"column":5}},"line":28},"4":{"name":"(anonymous_4)","decl":{"start":{"line":30,"column":19},"end":{"line":30,"column":20}},"loc":{"start":{"line":30,"column":31},"end":{"line":34,"column":9}},"line":30},"5":{"name":"(anonymous_5)","decl":{"start":{"line":36,"column":57},"end":{"line":36,"column":58}},"loc":{"start":{"line":36,"column":69},"end":{"line":54,"column":9}},"line":36},"6":{"name":"(anonymous_6)","decl":{"start":{"line":56,"column":49},"end":{"line":56,"column":50}},"loc":{"start":{"line":56,"column":61},"end":{"line":72,"column":9}},"line":56},"7":{"name":"(anonymous_7)","decl":{"start":{"line":76,"column":39},"end":{"line":76,"column":40}},"loc":{"start":{"line":76,"column":45},"end":{"line":91,"column":5}},"line":76},"8":{"name":"(anonymous_8)","decl":{"start":{"line":78,"column":15},"end":{"line":78,"column":16}},"loc":{"start":{"line":79,"column":12},"end":{"line":79,"column":45}},"line":79},"9":{"name":"(anonymous_9)","decl":{"start":{"line":79,"column":35},"end":{"line":79,"column":36}},"loc":{"start":{"line":79,"column":41},"end":{"line":79,"column":44}},"line":79},"10":{"name":"(anonymous_10)","decl":{"start":{"line":83,"column":15},"end":{"line":83,"column":16}},"loc":{"start":{"line":84,"column":12},"end":{"line":84,"column":45}},"line":84},"11":{"name":"(anonymous_11)","decl":{"start":{"line":84,"column":35},"end":{"line":84,"column":36}},"loc":{"start":{"line":84,"column":41},"end":{"line":84,"column":44}},"line":84},"12":{"name":"(anonymous_12)","decl":{"start":{"line":88,"column":15},"end":{"line":88,"column":16}},"loc":{"start":{"line":89,"column":12},"end":{"line":89,"column":45}},"line":89},"13":{"name":"(anonymous_13)","decl":{"start":{"line":89,"column":35},"end":{"line":89,"column":36}},"loc":{"start":{"line":89,"column":41},"end":{"line":89,"column":44}},"line":89},"14":{"name":"(anonymous_14)","decl":{"start":{"line":93,"column":10},"end":{"line":93,"column":11}},"loc":{"start":{"line":93,"column":16},"end":{"line":93,"column":67}},"line":93},"15":{"name":"(anonymous_15)","decl":{"start":{"line":93,"column":39},"end":{"line":93,"column":40}},"loc":{"start":{"line":93,"column":45},"end":{"line":93,"column":66}},"line":93}},"branchMap":{},"s":{"0":1,"1":1,"2":1,"3":1,"4":1,"5":1,"6":1,"7":1,"8":1,"9":1,"10":1,"11":1,"12":1,"13":3,"14":3,"15":3,"16":3,"17":3,"18":1,"19":1,"20":2,"21":2,"22":2,"23":1,"24":1,"25":1,"26":1,"27":1,"28":1,"29":1,"30":1,"31":1,"32":1,"33":1,"34":1,"35":1,"36":1,"37":1,"38":1,"39":1,"40":1,"41":1,"42":1,"43":1,"44":0,"45":1,"46":1,"47":1,"48":1,"49":1,"50":1,"51":1,"52":1,"53":1,"54":1,"55":1,"56":1,"57":1,"58":1,"59":1},"f":{"0":1,"1":1,"2":3,"3":1,"4":2,"5":1,"6":1,"7":1,"8":1,"9":0,"10":1,"11":0,"12":1,"13":0,"14":1,"15":1},"b":{},"_coverageSchema":"1a1c01bbd47fc00a2c39e90264f33305004495a9","hash":"00380610248dea44c01a398b50764a73b415c3b2","contentHash":"6600eb4a60e465e72f72fe708e1002d068ee6795b8d892a3ecda7af3485c0482"},"/Users/federicolacabaratz/bootcamp/collab/skylab-bootcamp-202001/staff/federico-lacabaratz/share-my-spot/share-my-spot-api/logic/update-user.js":{"path":"/Users/federicolacabaratz/bootcamp/collab/skylab-bootcamp-202001/staff/federico-lacabaratz/share-my-spot/share-my-spot-api/logic/update-user.js","statementMap":{"0":{"start":{"line":1,"column":21},"end":{"line":1,"column":57}},"1":{"start":{"line":2,"column":29},"end":{"line":2,"column":64}},"2":{"start":{"line":3,"column":43},"end":{"line":3,"column":80}},"3":{"start":{"line":4,"column":15},"end":{"line":4,"column":34}},"4":{"start":{"line":21,"column":0},"end":{"line":82,"column":1}},"5":{"start":{"line":22,"column":51},"end":{"line":22,"column":55}},"6":{"start":{"line":27,"column":4},"end":{"line":27,"column":37}},"7":{"start":{"line":28,"column":4},"end":{"line":32,"column":5}},"8":{"start":{"line":29,"column":8},"end":{"line":29,"column":39}},"9":{"start":{"line":30,"column":8},"end":{"line":30,"column":29}},"10":{"start":{"line":31,"column":8},"end":{"line":31,"column":22}},"11":{"start":{"line":33,"column":4},"end":{"line":36,"column":5}},"12":{"start":{"line":34,"column":8},"end":{"line":34,"column":45}},"13":{"start":{"line":35,"column":8},"end":{"line":35,"column":22}},"14":{"start":{"line":37,"column":4},"end":{"line":40,"column":5}},"15":{"start":{"line":38,"column":8},"end":{"line":38,"column":51}},"16":{"start":{"line":39,"column":8},"end":{"line":39,"column":45}},"17":{"start":{"line":42,"column":4},"end":{"line":81,"column":23}},"18":{"start":{"line":44,"column":12},"end":{"line":44,"column":85}},"19":{"start":{"line":44,"column":27},"end":{"line":44,"column":85}},"20":{"start":{"line":45,"column":12},"end":{"line":45,"column":40}},"21":{"start":{"line":48,"column":12},"end":{"line":50,"column":13}},"22":{"start":{"line":49,"column":16},"end":{"line":49,"column":35}},"23":{"start":{"line":51,"column":12},"end":{"line":53,"column":13}},"24":{"start":{"line":52,"column":16},"end":{"line":52,"column":35}},"25":{"start":{"line":54,"column":12},"end":{"line":61,"column":13}},"26":{"start":{"line":55,"column":16},"end":{"line":57,"column":17}},"27":{"start":{"line":56,"column":20},"end":{"line":56,"column":69}},"28":{"start":{"line":58,"column":16},"end":{"line":58,"column":22}},"29":{"start":{"line":60,"column":16},"end":{"line":60,"column":75}},"30":{"start":{"line":64,"column":12},"end":{"line":67,"column":13}},"31":{"start":{"line":65,"column":16},"end":{"line":65,"column":48}},"32":{"start":{"line":67,"column":13},"end":{"line":71,"column":13}},"33":{"start":{"line":68,"column":16},"end":{"line":68,"column":67}},"34":{"start":{"line":70,"column":16},"end":{"line":70,"column":22}},"35":{"start":{"line":74,"column":12},"end":{"line":79,"column":13}},"36":{"start":{"line":75,"column":16},"end":{"line":75,"column":116}},"37":{"start":{"line":78,"column":16},"end":{"line":78,"column":154}}},"fnMap":{"0":{"name":"(anonymous_0)","decl":{"start":{"line":21,"column":17},"end":{"line":21,"column":18}},"loc":{"start":{"line":21,"column":35},"end":{"line":82,"column":1}},"line":21},"1":{"name":"(anonymous_1)","decl":{"start":{"line":43,"column":14},"end":{"line":43,"column":15}},"loc":{"start":{"line":43,"column":26},"end":{"line":46,"column":9}},"line":43},"2":{"name":"(anonymous_2)","decl":{"start":{"line":47,"column":14},"end":{"line":47,"column":15}},"loc":{"start":{"line":47,"column":22},"end":{"line":62,"column":9}},"line":47},"3":{"name":"(anonymous_3)","decl":{"start":{"line":63,"column":14},"end":{"line":63,"column":15}},"loc":{"start":{"line":63,"column":27},"end":{"line":72,"column":9}},"line":63},"4":{"name":"(anonymous_4)","decl":{"start":{"line":73,"column":14},"end":{"line":73,"column":15}},"loc":{"start":{"line":73,"column":27},"end":{"line":80,"column":9}},"line":73},"5":{"name":"(anonymous_5)","decl":{"start":{"line":81,"column":14},"end":{"line":81,"column":15}},"loc":{"start":{"line":81,"column":20},"end":{"line":81,"column":22}},"line":81}},"branchMap":{"0":{"loc":{"start":{"line":28,"column":4},"end":{"line":32,"column":5}},"type":"if","locations":[{"start":{"line":28,"column":4},"end":{"line":32,"column":5}},{"start":{"line":28,"column":4},"end":{"line":32,"column":5}}],"line":28},"1":{"loc":{"start":{"line":33,"column":4},"end":{"line":36,"column":5}},"type":"if","locations":[{"start":{"line":33,"column":4},"end":{"line":36,"column":5}},{"start":{"line":33,"column":4},"end":{"line":36,"column":5}}],"line":33},"2":{"loc":{"start":{"line":37,"column":4},"end":{"line":40,"column":5}},"type":"if","locations":[{"start":{"line":37,"column":4},"end":{"line":40,"column":5}},{"start":{"line":37,"column":4},"end":{"line":40,"column":5}}],"line":37},"3":{"loc":{"start":{"line":37,"column":8},"end":{"line":37,"column":31}},"type":"binary-expr","locations":[{"start":{"line":37,"column":8},"end":{"line":37,"column":19}},{"start":{"line":37,"column":23},"end":{"line":37,"column":31}}],"line":37},"4":{"loc":{"start":{"line":44,"column":12},"end":{"line":44,"column":85}},"type":"if","locations":[{"start":{"line":44,"column":12},"end":{"line":44,"column":85}},{"start":{"line":44,"column":12},"end":{"line":44,"column":85}}],"line":44},"5":{"loc":{"start":{"line":48,"column":12},"end":{"line":50,"column":13}},"type":"if","locations":[{"start":{"line":48,"column":12},"end":{"line":50,"column":13}},{"start":{"line":48,"column":12},"end":{"line":50,"column":13}}],"line":48},"6":{"loc":{"start":{"line":51,"column":12},"end":{"line":53,"column":13}},"type":"if","locations":[{"start":{"line":51,"column":12},"end":{"line":53,"column":13}},{"start":{"line":51,"column":12},"end":{"line":53,"column":13}}],"line":51},"7":{"loc":{"start":{"line":54,"column":12},"end":{"line":61,"column":13}},"type":"if","locations":[{"start":{"line":54,"column":12},"end":{"line":61,"column":13}},{"start":{"line":54,"column":12},"end":{"line":61,"column":13}}],"line":54},"8":{"loc":{"start":{"line":55,"column":16},"end":{"line":57,"column":17}},"type":"if","locations":[{"start":{"line":55,"column":16},"end":{"line":57,"column":17}},{"start":{"line":55,"column":16},"end":{"line":57,"column":17}}],"line":55},"9":{"loc":{"start":{"line":64,"column":12},"end":{"line":67,"column":13}},"type":"if","locations":[{"start":{"line":64,"column":12},"end":{"line":67,"column":13}},{"start":{"line":64,"column":12},"end":{"line":67,"column":13}}],"line":64},"10":{"loc":{"start":{"line":64,"column":16},"end":{"line":64,"column":38}},"type":"binary-expr","locations":[{"start":{"line":64,"column":16},"end":{"line":64,"column":23}},{"start":{"line":64,"column":27},"end":{"line":64,"column":38}}],"line":64},"11":{"loc":{"start":{"line":67,"column":13},"end":{"line":71,"column":13}},"type":"if","locations":[{"start":{"line":67,"column":13},"end":{"line":71,"column":13}},{"start":{"line":67,"column":13},"end":{"line":71,"column":13}}],"line":67},"12":{"loc":{"start":{"line":74,"column":12},"end":{"line":79,"column":13}},"type":"if","locations":[{"start":{"line":74,"column":12},"end":{"line":79,"column":13}},{"start":{"line":74,"column":12},"end":{"line":79,"column":13}}],"line":74}},"s":{"0":1,"1":1,"2":1,"3":1,"4":1,"5":5,"6":5,"7":2,"8":2,"9":2,"10":2,"11":2,"12":2,"13":2,"14":2,"15":2,"16":2,"17":2,"18":2,"19":1,"20":1,"21":1,"22":0,"23":1,"24":0,"25":1,"26":1,"27":1,"28":0,"29":0,"30":1,"31":1,"32":0,"33":0,"34":0,"35":1,"36":1,"37":0},"f":{"0":5,"1":2,"2":1,"3":1,"4":1,"5":1},"b":{"0":[2,0],"1":[2,0],"2":[2,0],"3":[2,2],"4":[1,1],"5":[0,1],"6":[0,1],"7":[1,0],"8":[1,0],"9":[1,0],"10":[1,1],"11":[0,0],"12":[1,0]},"_coverageSchema":"1a1c01bbd47fc00a2c39e90264f33305004495a9","hash":"921a9d8065eacf68123641e19e9a3588178df59e","contentHash":"80558982880c2884a642fe9867f833dfa7a8fbbb479f0e37584badd1d5b07f21"}}